SF:/home/ultrako/work/LevelXML/csharp/LevelXML/LevelXML/DepthOneTag.cs
FN:16,System.Void LevelXML.DepthOneTag::.ctor(System.Xml.Linq.XName)
FNDA:1881,System.Void LevelXML.DepthOneTag::.ctor(System.Xml.Linq.XName)
DA:17,1881
FN:8,System.Void LevelXML.DepthOneTag::.cctor()
FNDA:1,System.Void LevelXML.DepthOneTag::.cctor()
DA:9,1
DA:10,1
DA:11,1
DA:12,1
DA:13,1
DA:14,1
DA:15,1
DA:16,1
FN:29,System.Int32 LevelXML.DepthOneTag`1::get_Count()
FNDA:85,System.Int32 LevelXML.DepthOneTag`1::get_Count()
DA:30,85
FN:31,LevelXML.Entity LevelXML.DepthOneTag`1::GetEntityAt(System.Int32)
FNDA:74,LevelXML.Entity LevelXML.DepthOneTag`1::GetEntityAt(System.Int32)
DA:32,74
DA:33,220
DA:34,2
DA:35,73
BRDA:33,3,0,74
BRDA:33,3,1,0
BRDA:33,24,0,73
BRDA:33,24,1,1
FN:35,System.Void LevelXML.DepthOneTag`1::FinishConstruction()
FNDA:910,System.Void LevelXML.DepthOneTag`1::FinishConstruction()
DA:36,910
BRDA:36,13,0,3
BRDA:36,13,1,276
FN:37,System.Void LevelXML.DepthOneTag`1::PlaceInLevel(System.Func`2<LevelXML.Entity,System.Int32>)
FNDA:79,System.Void LevelXML.DepthOneTag`1::PlaceInLevel(System.Func`2<LevelXML.Entity,System.Int32>)
DA:38,79
DA:39,79
DA:40,290
DA:41,28
DA:42,28
DA:43,25
DA:44,25
DA:45,76
BRDA:40,76,1,28
BRDA:40,76,0,76
FN:46,System.Void LevelXML.DepthOneTag`1::.ctor(System.Xml.Linq.XElement,System.Func`2<System.Xml.Linq.XElement,LevelXML.Entity>,System.Func`2<System.String,LevelXML.Entity>,System.Func`2<LevelXML.Entity,System.Int32>)
FNDA:560,System.Void LevelXML.DepthOneTag`1::.ctor(System.Xml.Linq.XElement,System.Func`2<System.Xml.Linq.XElement,LevelXML.Entity>,System.Func`2<System.String,LevelXML.Entity>,System.Func`2<LevelXML.Entity,System.Int32>)
DA:47,560
DA:48,184
DA:49,322
DA:50,560
DA:51,1074
BRDA:47,31,0,383
BRDA:47,31,1,560
BRDA:47,77,0,5
BRDA:47,77,1,560
BRDA:47,113,0,5
BRDA:47,113,1,560
FN:51,System.Void LevelXML.DepthOneTag`1::.ctor(T[])
FNDA:627,System.Void LevelXML.DepthOneTag`1::.ctor(T[])
DA:52,627
DA:53,627
DA:54,627
DA:55,627
LF:32
LH:32
BRF:14
BRH:13
FNF:8
FNH:8
end_of_record
SF:/home/ultrako/work/LevelXML/csharp/LevelXML/LevelXML/Entity.cs
FN:19,LevelXML.Entity LevelXML.Entity::FromXElement(System.Xml.Linq.XElement,System.Func`2<System.Xml.Linq.XElement,LevelXML.Entity>,System.Func`2<System.String,LevelXML.Entity>,System.Func`2<LevelXML.Entity,System.Int32>)
FNDA:196,LevelXML.Entity LevelXML.Entity::FromXElement(System.Xml.Linq.XElement,System.Func`2<System.Xml.Linq.XElement,LevelXML.Entity>,System.Func`2<System.String,LevelXML.Entity>,System.Func`2<LevelXML.Entity,System.Int32>)
DA:20,196
DA:21,196
DA:22,40
DA:23,40
DA:24,27
DA:25,5
DA:26,1
DA:27,3
DA:28,6
DA:29,1
DA:30,40
DA:31,63
DA:32,63
DA:33,5
DA:34,1
DA:35,1
DA:36,1
DA:37,1
DA:38,1
DA:39,1
DA:40,2
DA:41,2
DA:42,1
DA:43,4
DA:44,1
DA:45,2
DA:46,1
DA:47,1
DA:48,5
DA:49,4
DA:50,6
DA:51,5
DA:52,1
DA:53,1
DA:54,1
DA:55,1
DA:56,1
DA:57,1
DA:58,2
DA:59,1
DA:60,1
DA:61,1
DA:62,1
DA:63,1
DA:64,1
DA:65,1
DA:66,1
DA:67,1
DA:68,1
DA:69,1
DA:70,63
DA:71,12
DA:72,12
DA:73,1
DA:74,11
DA:75,12
DA:76,10
DA:77,10
DA:78,12
DA:79,1
DA:80,1
DA:81,10
DA:82,48
DA:83,48
DA:84,59
DA:85,1
DA:86,1
DA:87,1
DA:88,48
DA:89,1
DA:90,196
DA:91,173
BRDA:21,28,0,153
BRDA:21,41,0,89
BRDA:21,57,0,77
BRDA:21,73,0,63
BRDA:21,28,1,43
BRDA:22,122,0,43
BRDA:22,147,0,32
BRDA:22,160,0,5
BRDA:22,147,1,11
BRDA:22,188,0,10
BRDA:22,201,0,7
BRDA:22,160,1,27
BRDA:22,173,1,5
BRDA:22,188,1,1
BRDA:22,201,1,3
BRDA:22,214,1,6
BRDA:22,122,1,1
BRDA:22,173,0,1
BRDA:22,214,0,1
BRDA:21,41,1,64
BRDA:31,321,0,64
BRDA:31,346,0,40
BRDA:31,362,0,15
BRDA:31,378,0,8
BRDA:31,391,0,6
BRDA:31,404,0,1
BRDA:31,391,1,2
BRDA:31,441,0,1
BRDA:31,378,1,7
BRDA:31,478,0,2
BRDA:31,491,0,1
BRDA:31,478,1,5
BRDA:31,528,0,4
BRDA:31,544,0,2
BRDA:31,362,1,25
BRDA:31,581,0,8
BRDA:31,594,0,5
BRDA:31,607,0,4
BRDA:31,594,1,3
BRDA:31,644,0,2
BRDA:31,581,1,17
BRDA:31,681,0,2
BRDA:31,694,0,1
BRDA:31,681,1,15
BRDA:31,731,0,10
BRDA:31,747,0,6
BRDA:31,346,1,24
BRDA:31,784,0,14
BRDA:31,800,0,8
BRDA:31,813,0,6
BRDA:31,826,0,1
BRDA:31,813,1,2
BRDA:31,863,0,1
BRDA:31,800,1,6
BRDA:31,900,0,2
BRDA:31,913,0,1
BRDA:31,900,1,4
BRDA:31,950,0,3
BRDA:31,966,0,1
BRDA:31,784,1,10
BRDA:31,1003,0,4
BRDA:31,1016,0,2
BRDA:31,1029,0,1
BRDA:31,1016,1,2
BRDA:31,1066,0,1
BRDA:31,1003,1,6
BRDA:31,1103,0,2
BRDA:31,1116,0,1
BRDA:31,1103,1,4
BRDA:31,1153,0,3
BRDA:31,1169,0,2
BRDA:31,404,1,5
BRDA:31,420,1,1
BRDA:31,441,1,1
BRDA:31,457,1,1
BRDA:31,491,1,1
BRDA:31,507,1,1
BRDA:31,528,1,1
BRDA:31,544,1,2
BRDA:31,560,1,2
BRDA:31,607,1,1
BRDA:31,623,1,4
BRDA:31,644,1,1
BRDA:31,660,1,2
BRDA:31,694,1,1
BRDA:31,710,1,1
BRDA:31,731,1,5
BRDA:31,747,1,4
BRDA:31,763,1,6
BRDA:31,826,1,5
BRDA:31,842,1,1
BRDA:31,863,1,1
BRDA:31,879,1,1
BRDA:31,913,1,1
BRDA:31,929,1,1
BRDA:31,950,1,1
BRDA:31,966,1,2
BRDA:31,982,1,1
BRDA:31,1029,1,1
BRDA:31,1045,1,1
BRDA:31,1066,1,1
BRDA:31,1082,1,1
BRDA:31,1116,1,1
BRDA:31,1132,1,1
BRDA:31,1153,1,1
BRDA:31,1169,1,1
BRDA:31,1185,1,1
BRDA:31,321,1,1
BRDA:31,420,0,1
BRDA:31,457,0,1
BRDA:31,507,0,1
BRDA:31,560,0,1
BRDA:31,623,0,1
BRDA:31,660,0,1
BRDA:31,710,0,1
BRDA:31,763,0,1
BRDA:31,842,0,1
BRDA:31,879,0,1
BRDA:31,929,0,1
BRDA:31,982,0,1
BRDA:31,1045,0,1
BRDA:31,1082,0,1
BRDA:31,1132,0,1
BRDA:31,1185,0,1
BRDA:21,57,1,12
BRDA:31,1630,0,11
BRDA:31,1630,1,1
BRDA:71,1674,0,1
BRDA:71,1687,1,1
BRDA:71,1674,1,11
BRDA:71,1687,0,11
BRDA:21,73,1,14
BRDA:76,1759,0,14
BRDA:76,1781,0,2
BRDA:76,1781,1,12
BRDA:76,1794,1,1
BRDA:76,1759,1,1
BRDA:76,1794,0,1
BRDA:21,89,1,62
BRDA:82,1864,0,62
BRDA:82,1886,0,3
BRDA:82,1899,0,2
BRDA:82,1886,1,59
BRDA:82,1899,1,1
BRDA:82,1912,1,1
BRDA:82,1864,1,1
BRDA:82,1912,0,1
BRDA:21,89,0,1
FN:91,System.Void LevelXML.Entity::FinishConstruction()
FNDA:64,System.Void LevelXML.Entity::FinishConstruction()
DA:92,64
FN:13,System.Void LevelXML.Entity::.ctor(System.Xml.Linq.XName,System.Object[])
FNDA:1173,System.Void LevelXML.Entity::.ctor(System.Xml.Linq.XName,System.Object[])
DA:14,1173
LF:74
LH:74
BRF:148
BRH:148
FNF:3
FNH:3
end_of_record
SF:/home/ultrako/work/LevelXML/csharp/LevelXML/LevelXML/Group.cs
FN:14,System.Collections.Generic.IList`1<LevelXML.Entity> LevelXML.Group::get_Items()
FNDA:6,System.Collections.Generic.IList`1<LevelXML.Entity> LevelXML.Group::get_Items()
DA:15,6
FN:19,System.Void LevelXML.Group::checkGroupableEntity(LevelXML.Entity)
FNDA:6,System.Void LevelXML.Group::checkGroupableEntity(LevelXML.Entity)
DA:20,6
DA:21,6
DA:22,6
DA:23,6
DA:24,6
DA:25,6
DA:26,6
DA:27,6
DA:28,6
DA:29,6
DA:30,6
DA:31,6
DA:32,6
DA:33,6
DA:34,6
DA:35,6
DA:36,6
DA:37,6
DA:38,4
DA:39,4
DA:41,2
DA:42,4
BRDA:21,7,0,3
BRDA:21,18,0,3
BRDA:21,26,0,3
BRDA:21,34,0,3
BRDA:21,42,0,3
BRDA:21,50,0,2
BRDA:21,58,0,2
BRDA:21,66,0,2
BRDA:21,74,0,2
BRDA:21,82,0,2
BRDA:21,90,0,2
BRDA:21,98,0,2
BRDA:21,106,0,2
BRDA:21,114,0,2
BRDA:21,122,0,2
BRDA:21,130,0,2
BRDA:21,7,1,4
BRDA:21,18,1,4
BRDA:21,26,1,4
BRDA:21,34,1,4
BRDA:21,42,1,4
BRDA:21,50,1,4
BRDA:21,58,1,4
BRDA:21,66,1,4
BRDA:21,74,1,4
BRDA:21,82,1,4
BRDA:21,90,1,4
BRDA:21,98,1,4
BRDA:21,106,1,4
BRDA:21,114,1,4
BRDA:21,122,1,4
BRDA:21,130,1,4
BRDA:21,146,0,4
BRDA:21,146,1,2
FN:45,System.Double LevelXML.Group::get_X()
FNDA:9,System.Double LevelXML.Group::get_X()
DA:46,9
FN:47,System.Void LevelXML.Group::set_X(System.Double)
FNDA:27,System.Void LevelXML.Group::set_X(System.Double)
DA:48,27
DA:49,27
DA:50,1
DA:51,1
DA:53,78
DA:54,26
BRDA:49,9,0,1
BRDA:49,9,1,26
FN:58,System.Double LevelXML.Group::get_Y()
FNDA:9,System.Double LevelXML.Group::get_Y()
DA:59,9
FN:60,System.Void LevelXML.Group::set_Y(System.Double)
FNDA:26,System.Void LevelXML.Group::set_Y(System.Double)
DA:61,26
DA:62,26
DA:63,1
DA:64,1
DA:66,75
DA:67,25
BRDA:62,9,0,1
BRDA:62,9,1,25
FN:71,System.Double LevelXML.Group::get_Rotation()
FNDA:9,System.Double LevelXML.Group::get_Rotation()
DA:72,9
FN:73,System.Void LevelXML.Group::set_Rotation(System.Double)
FNDA:25,System.Void LevelXML.Group::set_Rotation(System.Double)
DA:74,25
DA:75,25
DA:76,1
DA:77,1
DA:79,72
DA:80,24
BRDA:75,9,0,1
BRDA:75,9,1,24
FN:84,System.Double LevelXML.Group::get_OriginX()
FNDA:9,System.Double LevelXML.Group::get_OriginX()
DA:85,9
FN:86,System.Void LevelXML.Group::set_OriginX(System.Double)
FNDA:24,System.Void LevelXML.Group::set_OriginX(System.Double)
DA:87,24
DA:88,24
DA:89,1
DA:90,1
DA:92,69
DA:93,23
BRDA:88,10,0,1
BRDA:88,10,1,23
FN:97,System.Double LevelXML.Group::get_OriginY()
FNDA:9,System.Double LevelXML.Group::get_OriginY()
DA:98,9
FN:99,System.Void LevelXML.Group::set_OriginY(System.Double)
FNDA:23,System.Void LevelXML.Group::set_OriginY(System.Double)
DA:100,23
DA:101,23
DA:102,1
DA:103,1
DA:105,66
DA:106,22
BRDA:101,10,0,1
BRDA:101,10,1,22
FN:110,LevelXML.LevelXMLTag/HWBool LevelXML.Group::get_Sleeping()
FNDA:3,LevelXML.LevelXMLTag/HWBool LevelXML.Group::get_Sleeping()
DA:111,3
BRDA:111,20,0,0
BRDA:111,20,1,1
FN:112,System.Void LevelXML.Group::set_Sleeping(LevelXML.LevelXMLTag/HWBool)
FNDA:22,System.Void LevelXML.Group::set_Sleeping(LevelXML.LevelXMLTag/HWBool)
DA:113,22
DA:114,22
DA:115,22
FN:119,LevelXML.LevelXMLTag/HWBool LevelXML.Group::get_Foreground()
FNDA:3,LevelXML.LevelXMLTag/HWBool LevelXML.Group::get_Foreground()
DA:120,3
BRDA:120,20,0,0
BRDA:120,20,1,1
FN:121,System.Void LevelXML.Group::set_Foreground(LevelXML.LevelXMLTag/HWBool)
FNDA:22,System.Void LevelXML.Group::set_Foreground(LevelXML.LevelXMLTag/HWBool)
DA:122,22
DA:123,22
DA:124,22
FN:128,System.Double LevelXML.Group::get_Opacity()
FNDA:9,System.Double LevelXML.Group::get_Opacity()
DA:129,9
BRDA:129,20,0,0
BRDA:129,20,1,3
FN:130,System.Void LevelXML.Group::set_Opacity(System.Double)
FNDA:22,System.Void LevelXML.Group::set_Opacity(System.Double)
DA:131,22
DA:134,22
DA:135,22
FN:139,LevelXML.LevelXMLTag/HWBool LevelXML.Group::get_Fixed()
FNDA:3,LevelXML.LevelXMLTag/HWBool LevelXML.Group::get_Fixed()
DA:140,3
BRDA:140,20,0,0
BRDA:140,20,1,1
FN:141,System.Void LevelXML.Group::set_Fixed(LevelXML.LevelXMLTag/HWBool)
FNDA:23,System.Void LevelXML.Group::set_Fixed(LevelXML.LevelXMLTag/HWBool)
DA:142,23
DA:143,23
DA:144,23
FN:148,LevelXML.LevelXMLTag/HWBool LevelXML.Group::get_FixedRotation()
FNDA:3,LevelXML.LevelXMLTag/HWBool LevelXML.Group::get_FixedRotation()
DA:149,3
BRDA:149,20,0,0
BRDA:149,20,1,1
FN:150,System.Void LevelXML.Group::set_FixedRotation(LevelXML.LevelXMLTag/HWBool)
FNDA:22,System.Void LevelXML.Group::set_FixedRotation(LevelXML.LevelXMLTag/HWBool)
DA:151,22
DA:152,22
DA:153,22
FN:156,System.Void LevelXML.Group::PlaceInLevel(System.Func`2<LevelXML.Entity,System.Int32>)
FNDA:7,System.Void LevelXML.Group::PlaceInLevel(System.Func`2<LevelXML.Entity,System.Int32>)
DA:157,7
DA:158,7
DA:159,31
DA:160,6
DA:161,6
DA:162,4
DA:163,4
DA:164,4
DA:165,5
BRDA:159,79,1,6
BRDA:159,79,0,5
FN:167,System.Void LevelXML.Group::setParams(System.Xml.Linq.XElement)
FNDA:27,System.Void LevelXML.Group::setParams(System.Xml.Linq.XElement)
DA:168,27
DA:169,27
DA:170,26
DA:171,25
DA:172,24
DA:173,23
DA:174,22
DA:175,22
DA:176,22
DA:177,22
DA:178,22
DA:179,22
BRDA:169,21,0,0
BRDA:169,21,1,27
BRDA:170,67,0,0
BRDA:170,67,1,26
BRDA:171,113,0,0
BRDA:171,113,1,25
BRDA:172,159,0,0
BRDA:172,159,1,24
BRDA:173,205,0,0
BRDA:173,205,1,23
BRDA:174,251,0,0
BRDA:174,251,1,22
BRDA:175,294,0,0
BRDA:175,294,1,22
BRDA:176,337,0,0
BRDA:176,337,1,22
BRDA:177,383,0,0
BRDA:177,383,1,22
BRDA:178,426,0,0
BRDA:178,426,1,22
FN:181,System.Void LevelXML.Group::FinishConstruction()
FNDA:11,System.Void LevelXML.Group::FinishConstruction()
DA:182,11
DA:183,55
DA:184,11
DA:185,11
DA:186,11
DA:187,11
BRDA:183,40,1,11
BRDA:183,40,0,11
FN:188,System.Void LevelXML.Group::.ctor(LevelXML.Entity[])
FNDA:21,System.Void LevelXML.Group::.ctor(LevelXML.Entity[])
DA:189,21
FN:190,System.Void LevelXML.Group::.ctor(System.String,LevelXML.Entity[])
FNDA:32,System.Void LevelXML.Group::.ctor(System.String,LevelXML.Entity[])
DA:191,32
FN:193,System.Void LevelXML.Group::.ctor(System.Xml.Linq.XElement,System.Func`2<LevelXML.Entity,System.Int32>,LevelXML.Entity[])
FNDA:27,System.Void LevelXML.Group::.ctor(System.Xml.Linq.XElement,System.Func`2<LevelXML.Entity,System.Int32>,LevelXML.Entity[])
DA:194,27
DA:195,27
DA:196,27
DA:197,27
DA:198,12
DA:199,27
DA:200,27
DA:201,27
DA:202,22
BRDA:196,61,0,0
BRDA:196,61,1,27
LF:116
LH:116
BRF:80
BRH:64
FNF:28
FNH:28
end_of_record
SF:/home/ultrako/work/LevelXML/csharp/LevelXML/LevelXML/Info.cs
FN:14,System.String LevelXML.Info::get_Version()
FNDA:3,System.String LevelXML.Info::get_Version()
DA:15,3
BRDA:15,18,0,0
BRDA:15,18,1,1
FN:16,System.Void LevelXML.Info::set_Version(System.String)
FNDA:140,System.Void LevelXML.Info::set_Version(System.String)
DA:17,140
DA:18,140
DA:19,140
FN:21,System.String LevelXML.Info::ToXML()
FNDA:12,System.String LevelXML.Info::ToXML()
DA:22,12
FN:25,System.Double LevelXML.Info::get_X()
FNDA:6,System.Double LevelXML.Info::get_X()
DA:26,6
BRDA:26,20,0,0
BRDA:26,20,1,2
FN:27,System.Void LevelXML.Info::set_X(System.Double)
FNDA:140,System.Void LevelXML.Info::set_X(System.Double)
DA:28,140
DA:29,140
DA:30,140
FN:34,System.Double LevelXML.Info::get_Y()
FNDA:6,System.Double LevelXML.Info::get_Y()
DA:35,6
BRDA:35,20,0,0
BRDA:35,20,1,2
FN:36,System.Void LevelXML.Info::set_Y(System.Double)
FNDA:140,System.Void LevelXML.Info::set_Y(System.Double)
DA:37,140
DA:38,140
DA:39,140
FN:43,LevelXML.Character LevelXML.Info::get_Character()
FNDA:3,LevelXML.Character LevelXML.Info::get_Character()
DA:44,3
BRDA:44,20,0,0
BRDA:44,20,1,1
FN:45,System.Void LevelXML.Info::set_Character(LevelXML.Character)
FNDA:140,System.Void LevelXML.Info::set_Character(LevelXML.Character)
DA:46,140
DA:47,140
DA:48,140
FN:52,LevelXML.LevelXMLTag/HWBool LevelXML.Info::get_ForcedCharacter()
FNDA:3,LevelXML.LevelXMLTag/HWBool LevelXML.Info::get_ForcedCharacter()
DA:53,3
BRDA:53,20,0,0
BRDA:53,20,1,1
FN:54,System.Void LevelXML.Info::set_ForcedCharacter(LevelXML.LevelXMLTag/HWBool)
FNDA:140,System.Void LevelXML.Info::set_ForcedCharacter(LevelXML.LevelXMLTag/HWBool)
DA:55,140
DA:56,140
DA:57,143
DA:58,140
DA:59,140
BRDA:57,16,0,1
BRDA:57,16,1,140
FN:63,LevelXML.LevelXMLTag/HWBool LevelXML.Info::get_VehicleHidden()
FNDA:3,LevelXML.LevelXMLTag/HWBool LevelXML.Info::get_VehicleHidden()
DA:64,3
BRDA:64,20,0,0
BRDA:64,20,1,1
FN:65,System.Void LevelXML.Info::set_VehicleHidden(LevelXML.LevelXMLTag/HWBool)
FNDA:140,System.Void LevelXML.Info::set_VehicleHidden(LevelXML.LevelXMLTag/HWBool)
DA:66,140
DA:67,140
DA:68,143
DA:69,140
DA:70,140
BRDA:68,16,0,1
BRDA:68,16,1,140
FN:77,LevelXML.Background LevelXML.Info::get_Background()
FNDA:3,LevelXML.Background LevelXML.Info::get_Background()
DA:78,3
BRDA:78,20,0,0
BRDA:78,20,1,1
BRDA:78,58,0,0
BRDA:78,58,1,1
FN:79,System.Void LevelXML.Info::set_Background(LevelXML.Background)
FNDA:140,System.Void LevelXML.Info::set_Background(LevelXML.Background)
DA:80,140
DA:81,140
DA:82,140
FN:89,System.Double LevelXML.Info::get_BackgroundColor()
FNDA:3,System.Double LevelXML.Info::get_BackgroundColor()
DA:90,3
BRDA:90,20,0,0
BRDA:90,20,1,1
FN:91,System.Void LevelXML.Info::set_BackgroundColor(System.Double)
FNDA:140,System.Void LevelXML.Info::set_BackgroundColor(System.Double)
DA:92,140
DA:93,140
DA:94,140
FN:99,System.Void LevelXML.Info::set_E(System.Nullable`1<System.Double>)
FNDA:140,System.Void LevelXML.Info::set_E(System.Nullable`1<System.Double>)
DA:100,140
DA:101,140
DA:102,1
DA:103,1
DA:105,139
DA:106,139
BRDA:101,29,0,1
BRDA:101,29,1,139
FN:109,System.Void LevelXML.Info::setParams(System.Xml.Linq.XElement)
FNDA:140,System.Void LevelXML.Info::setParams(System.Xml.Linq.XElement)
DA:110,140
DA:111,140
DA:112,140
DA:113,140
DA:114,140
DA:115,140
DA:116,140
DA:117,140
DA:118,140
DA:121,140
DA:122,139
BRDA:112,33,0,1
BRDA:112,33,1,139
BRDA:113,79,0,1
BRDA:113,79,1,139
BRDA:114,125,0,0
BRDA:114,125,1,140
BRDA:115,176,0,1
BRDA:115,176,1,139
BRDA:116,219,0,1
BRDA:116,219,1,139
BRDA:117,262,0,1
BRDA:117,262,1,139
BRDA:118,309,0,1
BRDA:118,309,1,139
FN:123,System.Void LevelXML.Info::.ctor(System.String)
FNDA:69,System.Void LevelXML.Info::.ctor(System.String)
DA:124,69
FN:125,System.Void LevelXML.Info::.ctor(System.Xml.Linq.XElement)
FNDA:140,System.Void LevelXML.Info::.ctor(System.Xml.Linq.XElement)
DA:126,140
DA:127,140
DA:128,140
DA:129,140
DA:130,139
LF:60
LH:60
BRF:38
BRH:28
FNF:21
FNH:21
end_of_record
SF:/home/ultrako/work/LevelXML/csharp/LevelXML/LevelXML/Joint.cs
FN:14,System.Void LevelXML.Joint::checkIfCanBeJointed(LevelXML.Entity)
FNDA:76,System.Void LevelXML.Joint::checkIfCanBeJointed(LevelXML.Entity)
DA:15,76
DA:16,76
DA:17,186
DA:18,21
DA:19,17
DA:20,17
DA:21,17
DA:23,4
DA:24,4
DA:25,3
DA:26,7
DA:27,1
DA:28,2
DA:29,74
BRDA:17,8,0,23
BRDA:17,8,1,53
BRDA:17,24,0,55
BRDA:17,24,1,21
BRDA:18,44,0,17
BRDA:20,60,0,0
BRDA:18,44,1,4
BRDA:23,85,0,0
BRDA:23,85,1,4
BRDA:24,105,0,3
BRDA:26,121,0,2
BRDA:26,121,1,1
BRDA:24,105,1,2
BRDA:20,60,1,74
FN:35,LevelXML.Entity LevelXML.Joint::get_First()
FNDA:45,LevelXML.Entity LevelXML.Joint::get_First()
DA:36,45
FN:37,System.Void LevelXML.Joint::set_First(LevelXML.Entity)
FNDA:40,System.Void LevelXML.Joint::set_First(LevelXML.Entity)
DA:38,40
DA:39,40
DA:40,39
DA:41,39
FN:49,LevelXML.Entity LevelXML.Joint::get_Second()
FNDA:42,LevelXML.Entity LevelXML.Joint::get_Second()
DA:50,42
FN:51,System.Void LevelXML.Joint::set_Second(LevelXML.Entity)
FNDA:36,System.Void LevelXML.Joint::set_Second(LevelXML.Entity)
DA:52,36
DA:53,36
DA:54,35
DA:55,35
FN:61,System.Double LevelXML.Joint::get_X()
FNDA:1,System.Double LevelXML.Joint::get_X()
DA:62,1
DA:63,1
DA:64,1
FN:65,System.Void LevelXML.Joint::set_X(System.Double)
FNDA:32,System.Void LevelXML.Joint::set_X(System.Double)
DA:66,32
DA:67,32
DA:68,32
FN:73,System.Double LevelXML.Joint::get_Y()
FNDA:1,System.Double LevelXML.Joint::get_Y()
DA:74,1
DA:75,1
DA:76,1
FN:77,System.Void LevelXML.Joint::set_Y(System.Double)
FNDA:32,System.Void LevelXML.Joint::set_Y(System.Double)
DA:78,32
DA:79,32
DA:80,32
FN:88,LevelXML.LevelXMLTag/HWBool LevelXML.Joint::get_Limit()
FNDA:1,LevelXML.LevelXMLTag/HWBool LevelXML.Joint::get_Limit()
DA:89,1
DA:90,1
DA:91,1
BRDA:90,20,0,0
BRDA:90,20,1,1
FN:92,System.Void LevelXML.Joint::set_Limit(LevelXML.LevelXMLTag/HWBool)
FNDA:32,System.Void LevelXML.Joint::set_Limit(LevelXML.LevelXMLTag/HWBool)
DA:93,32
DA:94,32
DA:95,35
DA:96,32
DA:97,32
BRDA:95,16,0,1
BRDA:95,16,1,32
FN:117,LevelXML.LevelXMLTag/HWBool LevelXML.Joint::get_Motorized()
FNDA:1,LevelXML.LevelXMLTag/HWBool LevelXML.Joint::get_Motorized()
DA:118,1
DA:119,1
DA:120,1
BRDA:119,20,0,0
BRDA:119,20,1,1
FN:121,System.Void LevelXML.Joint::set_Motorized(LevelXML.LevelXMLTag/HWBool)
FNDA:32,System.Void LevelXML.Joint::set_Motorized(LevelXML.LevelXMLTag/HWBool)
DA:122,32
DA:123,32
DA:124,35
DA:125,32
DA:126,32
BRDA:124,16,0,1
BRDA:124,16,1,32
FN:139,LevelXML.LevelXMLTag/HWBool LevelXML.Joint::get_CollideConnected()
FNDA:1,LevelXML.LevelXMLTag/HWBool LevelXML.Joint::get_CollideConnected()
DA:140,1
DA:141,1
DA:142,1
BRDA:141,20,0,0
BRDA:141,20,1,1
FN:143,System.Void LevelXML.Joint::set_CollideConnected(LevelXML.LevelXMLTag/HWBool)
FNDA:32,System.Void LevelXML.Joint::set_CollideConnected(LevelXML.LevelXMLTag/HWBool)
DA:144,32
DA:145,32
DA:146,35
DA:147,32
DA:148,32
BRDA:146,16,0,1
BRDA:146,16,1,32
FN:151,System.Void LevelXML.Joint::PlaceInLevel(System.Func`2<LevelXML.Entity,System.Int32>)
FNDA:9,System.Void LevelXML.Joint::PlaceInLevel(System.Func`2<LevelXML.Entity,System.Int32>)
DA:152,9
DA:153,9
DA:154,9
DA:155,9
FN:157,System.String LevelXML.Joint::getIndexString(System.Func`2<LevelXML.Entity,System.Int32>,LevelXML.Entity)
FNDA:18,System.String LevelXML.Joint::getIndexString(System.Func`2<LevelXML.Entity,System.Int32>,LevelXML.Entity)
DA:158,18
DA:159,18
DA:160,18
DA:161,12
DA:162,12
DA:164,6
DA:165,4
DA:166,4
DA:167,4
DA:168,2
DA:169,1
DA:170,1
DA:171,1
DA:172,1
DA:173,1
DA:174,1
DA:175,1
DA:176,6
DA:177,6
DA:178,18
BRDA:160,13,0,12
BRDA:160,13,1,6
BRDA:164,37,0,4
BRDA:164,37,1,2
BRDA:168,62,0,1
BRDA:168,62,1,1
BRDA:172,87,0,1
BRDA:172,87,1,6
FN:180,System.Boolean LevelXML.Joint::isNotJointed(System.Xml.Linq.XElement)
FNDA:35,System.Boolean LevelXML.Joint::isNotJointed(System.Xml.Linq.XElement)
DA:181,35
DA:182,35
DA:183,35
DA:184,35
DA:185,35
DA:186,35
BRDA:184,32,0,24
BRDA:184,32,1,11
FN:188,System.Boolean LevelXML.Joint::couldPointToAnElement(System.String)
FNDA:59,System.Boolean LevelXML.Joint::couldPointToAnElement(System.String)
DA:189,59
DA:190,59
DA:191,59
BRDA:190,2,0,53
BRDA:190,2,1,6
FN:193,System.Void LevelXML.Joint::SetParams(System.Xml.Linq.XElement,System.Func`2<System.String,LevelXML.Entity>)
FNDA:35,System.Void LevelXML.Joint::SetParams(System.Xml.Linq.XElement,System.Func`2<System.String,LevelXML.Entity>)
DA:194,35
DA:195,35
DA:196,35
DA:197,33
DA:198,32
DA:199,32
DA:201,32
DA:202,32
DA:203,32
DA:205,64
DA:206,32
DA:207,32
DA:208,32
DA:209,32
BRDA:198,102,0,3
BRDA:198,102,1,29
BRDA:199,148,0,3
BRDA:199,148,1,29
BRDA:203,248,0,3
BRDA:203,248,1,29
BRDA:205,285,1,25
BRDA:205,285,0,7
BRDA:206,326,0,8
BRDA:206,326,1,24
BRDA:207,364,0,8
BRDA:207,364,1,24
BRDA:208,403,0,3
BRDA:208,403,1,29
FN:210,System.Void LevelXML.Joint::.ctor(System.Xml.Linq.XElement)
FNDA:35,System.Void LevelXML.Joint::.ctor(System.Xml.Linq.XElement)
DA:211,35
DA:212,35
DA:213,35
DA:214,35
LF:111
LH:111
BRF:52
BRH:47
FNF:21
FNH:21
end_of_record
SF:/home/ultrako/work/LevelXML/csharp/LevelXML/LevelXML/JointActions.cs
FN:9,System.Void LevelXML.DisableMotor::.ctor()
FNDA:2,System.Void LevelXML.DisableMotor::.ctor()
DA:10,2
DA:11,2
DA:12,2
DA:13,2
FN:25,System.Nullable`1<System.Double> LevelXML.ChangeMotorSpeed::get_Speed()
FNDA:6,System.Nullable`1<System.Double> LevelXML.ChangeMotorSpeed::get_Speed()
DA:26,6
FN:26,System.Void LevelXML.ChangeMotorSpeed::set_Speed(System.Nullable`1<System.Double>)
FNDA:9,System.Void LevelXML.ChangeMotorSpeed::set_Speed(System.Nullable`1<System.Double>)
DA:27,9
FN:30,System.Nullable`1<System.Double> LevelXML.ChangeMotorSpeed::get_Duration()
FNDA:6,System.Nullable`1<System.Double> LevelXML.ChangeMotorSpeed::get_Duration()
DA:31,6
FN:31,System.Void LevelXML.ChangeMotorSpeed::set_Duration(System.Nullable`1<System.Double>)
FNDA:9,System.Void LevelXML.ChangeMotorSpeed::set_Duration(System.Nullable`1<System.Double>)
DA:32,9
FN:33,System.Void LevelXML.ChangeMotorSpeed::.ctor(System.Double,System.Double)
FNDA:1,System.Void LevelXML.ChangeMotorSpeed::.ctor(System.Double,System.Double)
DA:34,1
DA:35,1
DA:36,1
DA:37,1
DA:38,1
DA:39,1
FN:39,System.Void LevelXML.ChangeMotorSpeed::.ctor(System.String)
FNDA:3,System.Void LevelXML.ChangeMotorSpeed::.ctor(System.String)
DA:40,3
FN:40,System.Void LevelXML.ChangeMotorSpeed::.ctor(System.Xml.Linq.XElement)
FNDA:2,System.Void LevelXML.ChangeMotorSpeed::.ctor(System.Xml.Linq.XElement)
DA:41,2
DA:42,2
DA:43,2
DA:44,2
DA:45,2
DA:46,2
FN:53,System.Void LevelXML.DeleteSelfJoint::.ctor()
FNDA:2,System.Void LevelXML.DeleteSelfJoint::.ctor()
DA:54,2
DA:55,2
DA:56,2
DA:57,2
FN:64,System.Void LevelXML.DisableLimits::.ctor()
FNDA:2,System.Void LevelXML.DisableLimits::.ctor()
DA:65,2
DA:66,2
DA:67,2
DA:68,2
FN:84,System.Nullable`1<System.Double> LevelXML.ChangeLimits::get_UpperLimit()
FNDA:2,System.Nullable`1<System.Double> LevelXML.ChangeLimits::get_UpperLimit()
DA:85,2
DA:86,2
DA:87,2
FN:88,System.Void LevelXML.ChangeLimits::set_UpperLimit(System.Nullable`1<System.Double>)
FNDA:3,System.Void LevelXML.ChangeLimits::set_UpperLimit(System.Nullable`1<System.Double>)
DA:89,3
DA:90,3
DA:91,3
FN:96,System.Nullable`1<System.Double> LevelXML.ChangeLimits::get_LowerLimit()
FNDA:2,System.Nullable`1<System.Double> LevelXML.ChangeLimits::get_LowerLimit()
DA:97,2
DA:98,2
DA:99,2
FN:100,System.Void LevelXML.ChangeLimits::set_LowerLimit(System.Nullable`1<System.Double>)
FNDA:3,System.Void LevelXML.ChangeLimits::set_LowerLimit(System.Nullable`1<System.Double>)
DA:101,3
DA:102,3
DA:103,3
FN:105,System.Void LevelXML.ChangeLimits::.ctor(System.Double,System.Double)
FNDA:1,System.Void LevelXML.ChangeLimits::.ctor(System.Double,System.Double)
DA:106,1
DA:107,1
DA:108,1
DA:109,1
DA:110,1
DA:111,1
FN:112,System.Void LevelXML.ChangeLimits::.ctor(System.String)
FNDA:3,System.Void LevelXML.ChangeLimits::.ctor(System.String)
DA:113,3
FN:114,System.Void LevelXML.ChangeLimits::.ctor(System.Xml.Linq.XElement)
FNDA:2,System.Void LevelXML.ChangeLimits::.ctor(System.Xml.Linq.XElement)
DA:115,2
DA:116,2
DA:117,2
DA:118,2
DA:119,2
DA:120,2
LF:54
LH:54
BRF:0
BRH:0
FNF:17
FNH:17
end_of_record
SF:/home/ultrako/work/LevelXML/csharp/LevelXML/LevelXML/Joints/PinJoint.cs
FN:10,System.UInt32 LevelXML.PinJoint::get_Type()
FNDA:53,System.UInt32 LevelXML.PinJoint::get_Type()
DA:11,53
FN:17,System.Double LevelXML.PinJoint::get_Torque()
FNDA:12,System.Double LevelXML.PinJoint::get_Torque()
DA:18,12
BRDA:18,20,0,0
BRDA:18,20,1,4
FN:19,System.Void LevelXML.PinJoint::set_Torque(System.Double)
FNDA:28,System.Void LevelXML.PinJoint::set_Torque(System.Double)
DA:20,28
DA:21,28
DA:22,28
FN:29,System.Double LevelXML.PinJoint::get_Speed()
FNDA:3,System.Double LevelXML.PinJoint::get_Speed()
DA:30,3
BRDA:30,20,0,0
BRDA:30,20,1,1
FN:30,System.Void LevelXML.PinJoint::set_Speed(System.Double)
FNDA:75,System.Void LevelXML.PinJoint::set_Speed(System.Double)
DA:31,75
FN:38,System.Double LevelXML.PinJoint::get_UpperLimit()
FNDA:12,System.Double LevelXML.PinJoint::get_UpperLimit()
DA:39,12
BRDA:39,20,0,0
BRDA:39,20,1,4
FN:39,System.Void LevelXML.PinJoint::set_UpperLimit(System.Double)
FNDA:84,System.Void LevelXML.PinJoint::set_UpperLimit(System.Double)
DA:40,84
FN:47,System.Double LevelXML.PinJoint::get_LowerLimit()
FNDA:12,System.Double LevelXML.PinJoint::get_LowerLimit()
DA:48,12
BRDA:48,20,0,0
BRDA:48,20,1,4
FN:49,System.Void LevelXML.PinJoint::set_LowerLimit(System.Double)
FNDA:28,System.Void LevelXML.PinJoint::set_LowerLimit(System.Double)
DA:50,28
DA:51,28
DA:52,28
DA:53,37
DA:54,28
DA:55,28
BRDA:53,48,0,3
BRDA:53,48,1,28
FN:87,System.Void LevelXML.PinJoint::SetParams(System.Xml.Linq.XElement,System.Func`2<System.String,LevelXML.Entity>)
FNDA:28,System.Void LevelXML.PinJoint::SetParams(System.Xml.Linq.XElement,System.Func`2<System.String,LevelXML.Entity>)
DA:88,28
DA:89,28
DA:90,25
DA:91,25
DA:92,25
DA:93,25
BRDA:90,30,0,1
BRDA:90,30,1,24
BRDA:91,76,0,1
BRDA:91,76,1,24
BRDA:92,122,0,3
BRDA:92,122,1,22
FN:61,System.Void LevelXML.PinJoint::.ctor()
FNDA:36,System.Void LevelXML.PinJoint::.ctor()
DA:62,36
FN:68,System.Void LevelXML.PinJoint::.ctor(LevelXML.Entity,LevelXML.Entity)
FNDA:2,System.Void LevelXML.PinJoint::.ctor(LevelXML.Entity,LevelXML.Entity)
DA:69,2
DA:70,2
DA:71,2
DA:72,2
DA:73,2
FN:79,System.Void LevelXML.PinJoint::.ctor(LevelXML.Entity)
FNDA:2,System.Void LevelXML.PinJoint::.ctor(LevelXML.Entity)
DA:80,2
DA:81,2
DA:82,2
DA:83,2
FN:84,System.Void LevelXML.PinJoint::.ctor(System.String)
FNDA:48,System.Void LevelXML.PinJoint::.ctor(System.String)
DA:85,48
FN:94,System.Void LevelXML.PinJoint::.ctor(System.Xml.Linq.XElement,System.Func`2<System.String,LevelXML.Entity>)
FNDA:28,System.Void LevelXML.PinJoint::.ctor(System.Xml.Linq.XElement,System.Func`2<System.String,LevelXML.Entity>)
DA:95,28
DA:96,28
DA:97,28
DA:98,16
DA:99,48
DA:100,16
DA:101,28
DA:102,25
BRDA:97,18,0,16
BRDA:97,18,1,28
FN:8,System.Void LevelXML.PinJoint::.cctor()
FNDA:1,System.Void LevelXML.PinJoint::.cctor()
DA:9,1
DA:10,1
LF:43
LH:43
BRF:18
BRH:14
FNF:16
FNH:16
end_of_record
SF:/home/ultrako/work/LevelXML/csharp/LevelXML/LevelXML/Joints/SlidingJoint.cs
FN:10,System.UInt32 LevelXML.SlidingJoint::get_Type()
FNDA:14,System.UInt32 LevelXML.SlidingJoint::get_Type()
DA:11,14
FN:17,System.Double LevelXML.SlidingJoint::get_Force()
FNDA:9,System.Double LevelXML.SlidingJoint::get_Force()
DA:18,9
BRDA:18,20,0,0
BRDA:18,20,1,3
FN:18,System.Void LevelXML.SlidingJoint::set_Force(System.Double)
FNDA:27,System.Void LevelXML.SlidingJoint::set_Force(System.Double)
DA:19,27
FN:26,System.Double LevelXML.SlidingJoint::get_Speed()
FNDA:9,System.Double LevelXML.SlidingJoint::get_Speed()
DA:27,9
BRDA:27,20,0,0
BRDA:27,20,1,3
FN:27,System.Void LevelXML.SlidingJoint::set_Speed(System.Double)
FNDA:27,System.Void LevelXML.SlidingJoint::set_Speed(System.Double)
DA:28,27
FN:35,System.Double LevelXML.SlidingJoint::get_UpperLimit()
FNDA:9,System.Double LevelXML.SlidingJoint::get_UpperLimit()
DA:36,9
BRDA:36,20,0,0
BRDA:36,20,1,3
FN:36,System.Void LevelXML.SlidingJoint::set_UpperLimit(System.Double)
FNDA:27,System.Void LevelXML.SlidingJoint::set_UpperLimit(System.Double)
DA:37,27
FN:44,System.Double LevelXML.SlidingJoint::get_LowerLimit()
FNDA:9,System.Double LevelXML.SlidingJoint::get_LowerLimit()
DA:45,9
BRDA:45,20,0,0
BRDA:45,20,1,3
FN:45,System.Void LevelXML.SlidingJoint::set_LowerLimit(System.Double)
FNDA:27,System.Void LevelXML.SlidingJoint::set_LowerLimit(System.Double)
DA:46,27
FN:53,System.Double LevelXML.SlidingJoint::get_Angle()
FNDA:9,System.Double LevelXML.SlidingJoint::get_Angle()
DA:54,9
BRDA:54,20,0,0
BRDA:54,20,1,3
FN:55,System.Void LevelXML.SlidingJoint::set_Angle(System.Double)
FNDA:10,System.Void LevelXML.SlidingJoint::set_Angle(System.Double)
DA:56,10
DA:57,10
DA:58,1
DA:59,1
DA:61,9
DA:62,9
BRDA:57,9,0,1
BRDA:57,9,1,9
FN:94,System.Void LevelXML.SlidingJoint::SetParams(System.Xml.Linq.XElement,System.Func`2<System.String,LevelXML.Entity>)
FNDA:7,System.Void LevelXML.SlidingJoint::SetParams(System.Xml.Linq.XElement,System.Func`2<System.String,LevelXML.Entity>)
DA:95,7
DA:96,7
DA:97,7
DA:98,7
DA:99,7
DA:100,7
DA:101,7
BRDA:97,30,0,0
BRDA:97,30,1,7
BRDA:98,76,0,0
BRDA:98,76,1,7
BRDA:99,122,0,0
BRDA:99,122,1,7
BRDA:100,168,0,0
BRDA:100,168,1,7
FN:68,System.Void LevelXML.SlidingJoint::.ctor()
FNDA:18,System.Void LevelXML.SlidingJoint::.ctor()
DA:69,18
FN:75,System.Void LevelXML.SlidingJoint::.ctor(LevelXML.Entity,LevelXML.Entity)
FNDA:1,System.Void LevelXML.SlidingJoint::.ctor(LevelXML.Entity,LevelXML.Entity)
DA:76,1
DA:77,1
DA:78,1
DA:79,1
DA:80,1
FN:86,System.Void LevelXML.SlidingJoint::.ctor(LevelXML.Entity)
FNDA:1,System.Void LevelXML.SlidingJoint::.ctor(LevelXML.Entity)
DA:87,1
DA:88,1
DA:89,1
DA:90,1
FN:91,System.Void LevelXML.SlidingJoint::.ctor(System.String)
FNDA:18,System.Void LevelXML.SlidingJoint::.ctor(System.String)
DA:92,18
FN:102,System.Void LevelXML.SlidingJoint::.ctor(System.Xml.Linq.XElement,System.Func`2<System.String,LevelXML.Entity>)
FNDA:7,System.Void LevelXML.SlidingJoint::.ctor(System.Xml.Linq.XElement,System.Func`2<System.String,LevelXML.Entity>)
DA:103,7
DA:104,7
DA:105,7
DA:106,6
DA:107,18
DA:108,6
DA:109,7
DA:110,7
BRDA:105,18,0,6
BRDA:105,18,1,7
FN:8,System.Void LevelXML.SlidingJoint::.cctor()
FNDA:1,System.Void LevelXML.SlidingJoint::.cctor()
DA:9,1
DA:10,1
LF:44
LH:44
BRF:22
BRH:13
FNF:18
FNH:18
end_of_record
SF:/home/ultrako/work/LevelXML/csharp/LevelXML/LevelXML/Level.cs
FN:15,System.Collections.Generic.IList`1<LevelXML.Shape> LevelXML.Level::get_Shapes()
FNDA:114,System.Collections.Generic.IList`1<LevelXML.Shape> LevelXML.Level::get_Shapes()
DA:16,114
FN:16,System.Collections.Generic.IList`1<LevelXML.Special> LevelXML.Level::get_Specials()
FNDA:123,System.Collections.Generic.IList`1<LevelXML.Special> LevelXML.Level::get_Specials()
DA:17,123
FN:17,System.Collections.Generic.IList`1<LevelXML.Group> LevelXML.Level::get_Groups()
FNDA:63,System.Collections.Generic.IList`1<LevelXML.Group> LevelXML.Level::get_Groups()
DA:18,63
FN:18,System.Collections.Generic.IList`1<LevelXML.Joint> LevelXML.Level::get_Joints()
FNDA:24,System.Collections.Generic.IList`1<LevelXML.Joint> LevelXML.Level::get_Joints()
DA:19,24
FN:19,System.Collections.Generic.IList`1<LevelXML.Trigger> LevelXML.Level::get_Triggers()
FNDA:144,System.Collections.Generic.IList`1<LevelXML.Trigger> LevelXML.Level::get_Triggers()
DA:20,144
FN:25,System.Double LevelXML.Level::get_X()
FNDA:3,System.Double LevelXML.Level::get_X()
DA:26,3
FN:30,System.Double LevelXML.Level::get_Y()
FNDA:3,System.Double LevelXML.Level::get_Y()
DA:31,3
FN:35,LevelXML.Character LevelXML.Level::get_Character()
FNDA:3,LevelXML.Character LevelXML.Level::get_Character()
DA:36,3
FN:40,LevelXML.LevelXMLTag/HWBool LevelXML.Level::get_ForcedCharacter()
FNDA:3,LevelXML.LevelXMLTag/HWBool LevelXML.Level::get_ForcedCharacter()
DA:41,3
FN:45,LevelXML.LevelXMLTag/HWBool LevelXML.Level::get_VehicleHidden()
FNDA:3,LevelXML.LevelXMLTag/HWBool LevelXML.Level::get_VehicleHidden()
DA:46,3
FN:50,LevelXML.Background LevelXML.Level::get_Background()
FNDA:3,LevelXML.Background LevelXML.Level::get_Background()
DA:51,3
FN:55,System.Double LevelXML.Level::get_BackgroundColor()
FNDA:3,System.Double LevelXML.Level::get_BackgroundColor()
DA:56,3
FN:58,System.String LevelXML.Level::ToXML()
FNDA:48,System.String LevelXML.Level::ToXML()
DA:59,48
FN:64,System.Collections.Generic.IEnumerable`1<LevelXML.Entity> LevelXML.Level::get_Entities()
FNDA:2,System.Collections.Generic.IEnumerable`1<LevelXML.Entity> LevelXML.Level::get_Entities()
DA:65,2
DA:66,2
DA:67,2
DA:68,2
DA:69,2
FN:94,System.Void LevelXML.Level::PlaceInLevel(System.Func`2<LevelXML.Entity,System.Int32>)
FNDA:17,System.Void LevelXML.Level::PlaceInLevel(System.Func`2<LevelXML.Entity,System.Int32>)
DA:95,17
DA:96,17
DA:97,17
DA:98,221
DA:99,85
DA:100,85
DA:101,22
DA:102,22
DA:103,22
DA:104,85
DA:105,17
DA:106,17
DA:107,15
DA:108,15
DA:109,15
DA:110,14
BRDA:98,165,1,85
BRDA:100,135,0,22
BRDA:100,135,1,85
BRDA:98,165,0,17
FN:111,LevelXML.DepthOneTag LevelXML.Level::NameToDepthOneTag(System.String)
FNDA:74,LevelXML.DepthOneTag LevelXML.Level::NameToDepthOneTag(System.String)
DA:112,74
DA:113,74
DA:114,8
DA:115,49
DA:116,9
DA:117,5
DA:118,74
DA:119,3
DA:120,74
DA:121,74
BRDA:113,16,0,66
BRDA:113,29,0,17
BRDA:113,42,0,8
BRDA:113,16,1,8
BRDA:113,29,1,49
BRDA:113,42,1,9
BRDA:113,55,1,5
BRDA:113,55,0,3
FN:122,System.Int32 LevelXML.Level::VertMapper(LevelXML.Entity)
FNDA:16,System.Int32 LevelXML.Level::VertMapper(LevelXML.Entity)
DA:123,16
DA:129,16
DA:130,16
DA:131,8
DA:132,21
DA:133,1
DA:134,1
DA:135,14
DA:136,14
DA:137,8
DA:138,8
DA:139,3
DA:140,5
DA:141,3
DA:143,5
DA:144,11
DA:145,5
DA:146,8
DA:147,8
DA:148,8
DA:149,21
DA:150,1
DA:151,1
DA:152,14
DA:153,14
DA:154,8
DA:155,8
DA:156,2
DA:157,4
DA:158,2
DA:160,6
DA:161,13
DA:162,6
DA:163,8
DA:164,16
DA:165,15
DA:166,15
DA:169,1
DA:170,1
DA:172,15
BRDA:130,32,0,8
BRDA:138,256,0,3
BRDA:138,256,1,5
BRDA:130,32,1,8
BRDA:147,342,0,8
BRDA:155,568,0,2
BRDA:155,568,1,6
BRDA:147,342,1,16
BRDA:164,630,0,15
BRDA:164,630,1,1
FN:173,System.Int32 LevelXML.Level::EntityIndexMapper(LevelXML.Entity)
FNDA:11,System.Int32 LevelXML.Level::EntityIndexMapper(LevelXML.Entity)
DA:174,11
DA:175,11
DA:176,11
DA:177,6
DA:178,1
DA:179,1
DA:180,1
DA:181,1
DA:182,1
DA:183,11
DA:184,10
DA:185,1
DA:186,1
DA:188,9
DA:189,9
BRDA:175,13,0,5
BRDA:175,23,0,4
BRDA:175,33,0,3
BRDA:175,45,0,2
BRDA:175,13,1,6
BRDA:177,79,0,0
BRDA:177,79,1,6
BRDA:175,23,1,1
BRDA:178,119,0,0
BRDA:178,119,1,1
BRDA:175,33,1,1
BRDA:179,156,0,0
BRDA:179,156,1,1
BRDA:175,45,1,1
BRDA:180,193,0,0
BRDA:180,193,1,1
BRDA:175,60,1,1
BRDA:181,231,0,0
BRDA:181,231,1,1
BRDA:175,60,0,1
BRDA:184,286,0,1
BRDA:184,286,1,9
FN:191,LevelXML.Entity LevelXML.Level::ReverseTargetMapper(System.Xml.Linq.XElement)
FNDA:79,LevelXML.Entity LevelXML.Level::ReverseTargetMapper(System.Xml.Linq.XElement)
DA:192,79
DA:193,79
DA:200,79
DA:201,79
DA:202,30
DA:203,30
DA:204,25
DA:205,74
DA:206,74
DA:207,73
BRDA:201,53,0,30
BRDA:201,53,1,74
FN:208,LevelXML.Entity LevelXML.Level::ReverseJointMapper(System.String)
FNDA:24,LevelXML.Entity LevelXML.Level::ReverseJointMapper(System.String)
DA:209,24
DA:211,42
DA:212,15
DA:214,15
DA:215,10
DA:216,10
DA:220,5
DA:221,4
DA:223,4
DA:224,4
DA:225,2
DA:226,1
DA:227,1
DA:228,4
DA:229,1
DA:230,1
DA:232,22
BRDA:211,2,0,24
BRDA:211,2,1,0
BRDA:211,20,0,9
BRDA:211,20,1,15
BRDA:214,50,0,10
BRDA:214,50,1,5
BRDA:220,80,0,4
BRDA:223,100,0,3
BRDA:223,108,1,2
BRDA:223,100,1,1
BRDA:223,108,0,1
BRDA:220,80,1,1
FN:73,System.Void LevelXML.Level::.ctor(System.String)
FNDA:301,System.Void LevelXML.Level::.ctor(System.String)
DA:74,301
FN:80,System.Void LevelXML.Level::.ctor(LevelXML.Entity[])
FNDA:18,System.Void LevelXML.Level::.ctor(LevelXML.Entity[])
DA:81,18
DA:82,41
DA:83,29
DA:84,31
DA:85,34
DA:86,87
FN:189,System.Void LevelXML.Level::.ctor(LevelXML.Info,LevelXML.Shape[],LevelXML.Special[],LevelXML.Group[],LevelXML.Joint[],LevelXML.Trigger[])
FNDA:137,System.Void LevelXML.Level::.ctor(LevelXML.Info,LevelXML.Shape[],LevelXML.Special[],LevelXML.Group[],LevelXML.Joint[],LevelXML.Trigger[])
DA:190,137
DA:240,18
DA:241,18
DA:242,18
DA:243,18
DA:244,18
DA:245,18
DA:246,18
DA:247,18
DA:248,18
DA:249,18
BRDA:242,38,0,0
BRDA:242,38,1,18
FN:250,System.Void LevelXML.Level::.ctor(System.Xml.Linq.XElement)
FNDA:119,System.Void LevelXML.Level::.ctor(System.Xml.Linq.XElement)
DA:251,119
DA:252,119
DA:253,119
DA:254,1
DA:255,1
DA:257,118
DA:258,119
DA:259,1
DA:261,117
DA:262,116
DA:263,116
DA:264,113
DA:265,113
DA:266,112
DA:267,112
DA:268,112
DA:269,112
DA:270,107
DA:271,107
DA:273,93
DA:274,93
DA:275,92
DA:276,91
DA:277,91
BRDA:253,60,0,1
BRDA:253,60,1,118
BRDA:258,99,0,1
BRDA:258,99,1,117
LF:168
LH:168
BRF:64
BRH:57
FNF:24
FNH:24
end_of_record
SF:/home/ultrako/work/LevelXML/csharp/LevelXML/LevelXML/LevelXMLException.cs
FN:10,System.Void LevelXML.LevelXMLException::.ctor()
FNDA:3,System.Void LevelXML.LevelXMLException::.ctor()
DA:11,3
FN:11,System.Void LevelXML.LevelXMLException::.ctor(System.String)
FNDA:378,System.Void LevelXML.LevelXMLException::.ctor(System.String)
DA:12,378
FN:12,System.Void LevelXML.LevelXMLException::.ctor(System.String,System.Exception)
FNDA:3,System.Void LevelXML.LevelXMLException::.ctor(System.String,System.Exception)
DA:13,3
LF:3
LH:3
BRF:0
BRH:0
FNF:3
FNH:3
end_of_record
SF:/home/ultrako/work/LevelXML/csharp/LevelXML/LevelXML/LevelXMLTag.cs
FN:14,System.Xml.Linq.XElement LevelXML.LevelXMLTag::get_Elt()
FNDA:8221,System.Xml.Linq.XElement LevelXML.LevelXMLTag::get_Elt()
DA:15,8221
FN:15,System.Xml.Linq.XElement LevelXML.LevelXMLTag::StrToXElement(System.String)
FNDA:360,System.Xml.Linq.XElement LevelXML.LevelXMLTag::StrToXElement(System.String)
DA:16,360
DA:17,360
DA:18,360
FN:19,System.String LevelXML.LevelXMLTag::GetStringOrNull(System.Xml.Linq.XElement,System.String)
FNDA:5461,System.String LevelXML.LevelXMLTag::GetStringOrNull(System.Xml.Linq.XElement,System.String)
DA:20,5461
DA:21,15987
DA:22,396
DA:23,5461
BRDA:21,20,0,5263
BRDA:21,20,1,198
FN:24,System.Double LevelXML.LevelXMLTag::ParseDouble(System.String)
FNDA:4109,System.Double LevelXML.LevelXMLTag::ParseDouble(System.String)
DA:25,4109
DA:27,8169
DA:28,4060
DA:30,49
DA:31,34
DA:32,34
DA:34,15
DA:35,15
DA:36,15
DA:39,0
DA:40,0
DA:42,4109
BRDA:27,11,0,4060
BRDA:27,11,1,49
BRDA:30,31,0,34
BRDA:30,31,1,15
BRDA:34,61,0,15
BRDA:34,61,1,0
FN:45,System.Nullable`1<System.Double> LevelXML.LevelXMLTag::GetDoubleOrNull(System.String)
FNDA:1215,System.Nullable`1<System.Double> LevelXML.LevelXMLTag::GetDoubleOrNull(System.String)
DA:46,1215
FN:47,System.Nullable`1<System.Double> LevelXML.LevelXMLTag::GetDoubleOrNull(System.Xml.Linq.XElement,System.String)
FNDA:4184,System.Nullable`1<System.Double> LevelXML.LevelXMLTag::GetDoubleOrNull(System.Xml.Linq.XElement,System.String)
DA:48,4184
DA:49,4184
DA:50,4109
DA:51,4109
DA:53,75
DA:54,4184
BRDA:49,15,0,4109
BRDA:49,15,1,75
FN:55,System.Void LevelXML.LevelXMLTag::SetDouble(System.String,System.Double)
FNDA:1632,System.Void LevelXML.LevelXMLTag::SetDouble(System.String,System.Double)
DA:56,1632
DA:58,1632
DA:59,29
DA:60,29
DA:61,29
DA:62,1603
DA:63,9
DA:64,9
DA:65,9
DA:67,1594
DA:68,1594
DA:69,1594
DA:70,1632
DA:71,1632
BRDA:58,15,0,29
BRDA:58,15,1,1603
BRDA:62,41,0,9
BRDA:62,41,1,1594
FN:133,System.Nullable`1<LevelXML.LevelXMLTag/HWBool> LevelXML.LevelXMLTag::GetBoolOrNull(System.String)
FNDA:198,System.Nullable`1<LevelXML.LevelXMLTag/HWBool> LevelXML.LevelXMLTag::GetBoolOrNull(System.String)
DA:134,198
FN:135,System.Nullable`1<LevelXML.LevelXMLTag/HWBool> LevelXML.LevelXMLTag::GetBoolOrNull(System.Xml.Linq.XElement,System.String)
FNDA:1138,System.Nullable`1<LevelXML.LevelXMLTag/HWBool> LevelXML.LevelXMLTag::GetBoolOrNull(System.Xml.Linq.XElement,System.String)
DA:136,1138
DA:137,1138
DA:138,1138
DA:139,1027
DA:140,1516
DA:141,3420
DA:142,36
DA:143,1027
DA:144,1138
DA:145,1138
BRDA:138,23,0,1027
BRDA:140,39,0,163
BRDA:140,39,1,864
BRDA:141,72,0,852
BRDA:141,72,1,12
BRDA:138,23,1,1138
FN:149,System.Void LevelXML.LevelXMLTag::PlaceInLevel(System.Func`2<LevelXML.Entity,System.Int32>)
FNDA:80,System.Void LevelXML.LevelXMLTag::PlaceInLevel(System.Func`2<LevelXML.Entity,System.Int32>)
DA:150,80
FN:150,System.String LevelXML.LevelXMLTag::ToXML(System.Func`2<LevelXML.Entity,System.Int32>)
FNDA:65,System.String LevelXML.LevelXMLTag::ToXML(System.Func`2<LevelXML.Entity,System.Int32>)
DA:151,65
DA:152,65
DA:153,61
DA:154,61
FN:154,System.Void LevelXML.LevelXMLTag::.ctor(System.Xml.Linq.XName,System.Object[])
FNDA:1489,System.Void LevelXML.LevelXMLTag::.ctor(System.Xml.Linq.XName,System.Object[])
DA:155,1489
DA:156,1489
DA:157,1489
DA:158,1489
FN:89,System.Boolean LevelXML.LevelXMLTag/HWBool::op_Implicit(LevelXML.LevelXMLTag/HWBool)
FNDA:76,System.Boolean LevelXML.LevelXMLTag/HWBool::op_Implicit(LevelXML.LevelXMLTag/HWBool)
DA:90,76
DA:91,126
DA:92,102
DA:93,76
BRDA:91,14,0,25
BRDA:91,14,1,51
FN:94,LevelXML.LevelXMLTag/HWBool LevelXML.LevelXMLTag/HWBool::op_Implicit(System.Boolean)
FNDA:1971,LevelXML.LevelXMLTag/HWBool LevelXML.LevelXMLTag/HWBool::op_Implicit(System.Boolean)
DA:95,1971
DA:96,1971
DA:97,1971
FN:98,LevelXML.LevelXMLTag/HWBool LevelXML.LevelXMLTag/HWBool::op_Implicit(System.Double)
FNDA:1,LevelXML.LevelXMLTag/HWBool LevelXML.LevelXMLTag/HWBool::op_Implicit(System.Double)
DA:99,1
DA:100,1
DA:101,1
FN:102,System.Boolean LevelXML.LevelXMLTag/HWBool::op_Equality(LevelXML.LevelXMLTag/HWBool,LevelXML.LevelXMLTag/HWBool)
FNDA:2384,System.Boolean LevelXML.LevelXMLTag/HWBool::op_Equality(LevelXML.LevelXMLTag/HWBool,LevelXML.LevelXMLTag/HWBool)
DA:103,2384
DA:104,2384
DA:105,2367
DA:106,6193
DA:107,908
DA:108,39
DA:109,12
DA:110,2384
BRDA:104,14,0,2367
BRDA:104,14,1,17
BRDA:104,29,0,2367
BRDA:106,45,0,1913
BRDA:106,45,1,454
BRDA:106,62,0,1913
BRDA:106,62,1,454
BRDA:104,29,1,17
BRDA:108,97,0,11
BRDA:108,97,1,6
FN:111,System.Boolean LevelXML.LevelXMLTag/HWBool::op_Inequality(LevelXML.LevelXMLTag/HWBool,LevelXML.LevelXMLTag/HWBool)
FNDA:1,System.Boolean LevelXML.LevelXMLTag/HWBool::op_Inequality(LevelXML.LevelXMLTag/HWBool,LevelXML.LevelXMLTag/HWBool)
DA:112,1
DA:113,1
DA:114,1
FN:114,System.Int32 LevelXML.LevelXMLTag/HWBool::GetHashCode()
FNDA:3,System.Int32 LevelXML.LevelXMLTag/HWBool::GetHashCode()
DA:115,3
FN:116,System.Boolean LevelXML.LevelXMLTag/HWBool::Equals(System.Object)
FNDA:3,System.Boolean LevelXML.LevelXMLTag/HWBool::Equals(System.Object)
DA:117,3
DA:118,3
DA:119,1
DA:120,1
DA:121,2
DA:122,1
DA:123,1
DA:125,2
DA:126,3
BRDA:118,7,0,1
BRDA:118,7,1,2
BRDA:118,22,0,1
BRDA:118,22,1,2
BRDA:121,46,0,1
BRDA:121,46,1,1
BRDA:121,63,0,1
BRDA:121,63,1,1
FN:127,System.String LevelXML.LevelXMLTag/HWBool::ToString()
FNDA:992,System.String LevelXML.LevelXMLTag/HWBool::ToString()
DA:128,992
DA:129,1304
DA:130,2500
DA:131,8
DA:132,992
BRDA:129,20,0,156
BRDA:129,20,1,836
BRDA:130,50,0,832
BRDA:130,50,1,4
FN:86,System.Void LevelXML.LevelXMLTag/HWBool::.ctor(System.Boolean)
FNDA:5916,System.Void LevelXML.LevelXMLTag/HWBool::.ctor(System.Boolean)
DA:87,5916
FN:79,System.Void LevelXML.LevelXMLTag/HWBool::.cctor()
FNDA:1,System.Void LevelXML.LevelXMLTag/HWBool::.cctor()
DA:80,1
DA:81,1
DA:86,1
LF:101
LH:99
BRF:44
BRH:43
FNF:22
FNH:22
end_of_record
SF:/home/ultrako/work/LevelXML/csharp/LevelXML/LevelXML/Shape.cs
FN:28,System.Nullable`1<LevelXML.LevelXMLTag/HWBool> LevelXML.Shape::get_Interactive()
FNDA:3,System.Nullable`1<LevelXML.LevelXMLTag/HWBool> LevelXML.Shape::get_Interactive()
DA:29,3
BRDA:29,20,0,1
BRDA:29,20,1,0
FN:29,System.Void LevelXML.Shape::set_Interactive(System.Nullable`1<LevelXML.LevelXMLTag/HWBool>)
FNDA:415,System.Void LevelXML.Shape::set_Interactive(System.Nullable`1<LevelXML.LevelXMLTag/HWBool>)
DA:30,415
BRDA:30,17,0,81
BRDA:30,17,1,13
BRDA:30,29,0,0
BRDA:30,29,1,13
BRDA:30,49,0,13
BRDA:30,49,1,94
FN:34,System.Double LevelXML.Shape::get_X()
FNDA:3,System.Double LevelXML.Shape::get_X()
DA:35,3
FN:36,System.Void LevelXML.Shape::set_X(System.Double)
FNDA:94,System.Void LevelXML.Shape::set_X(System.Double)
DA:37,94
DA:38,94
DA:39,2
DA:40,2
DA:42,276
DA:43,92
BRDA:38,9,0,2
BRDA:38,9,1,92
FN:46,System.Double LevelXML.Shape::get_Y()
FNDA:3,System.Double LevelXML.Shape::get_Y()
DA:47,3
FN:48,System.Void LevelXML.Shape::set_Y(System.Double)
FNDA:92,System.Void LevelXML.Shape::set_Y(System.Double)
DA:49,92
DA:50,92
DA:51,1
DA:52,1
DA:54,273
DA:55,91
BRDA:50,9,0,1
BRDA:50,9,1,91
FN:64,System.Double LevelXML.Shape::get_Rotation()
FNDA:3,System.Double LevelXML.Shape::get_Rotation()
DA:65,3
FN:66,System.Void LevelXML.Shape::set_Rotation(System.Double)
FNDA:83,System.Void LevelXML.Shape::set_Rotation(System.Double)
DA:67,83
DA:68,83
DA:69,1
DA:70,1
DA:72,82
DA:73,82
BRDA:68,9,0,1
BRDA:68,9,1,82
FN:80,LevelXML.LevelXMLTag/HWBool LevelXML.Shape::get_Fixed()
FNDA:3,LevelXML.LevelXMLTag/HWBool LevelXML.Shape::get_Fixed()
DA:81,3
BRDA:81,20,0,0
BRDA:81,20,1,1
FN:81,System.Void LevelXML.Shape::set_Fixed(LevelXML.LevelXMLTag/HWBool)
FNDA:261,System.Void LevelXML.Shape::set_Fixed(LevelXML.LevelXMLTag/HWBool)
DA:82,261
FN:89,LevelXML.LevelXMLTag/HWBool LevelXML.Shape::get_Sleeping()
FNDA:3,LevelXML.LevelXMLTag/HWBool LevelXML.Shape::get_Sleeping()
DA:90,3
BRDA:90,20,0,0
BRDA:90,20,1,1
FN:90,System.Void LevelXML.Shape::set_Sleeping(LevelXML.LevelXMLTag/HWBool)
FNDA:246,System.Void LevelXML.Shape::set_Sleeping(LevelXML.LevelXMLTag/HWBool)
DA:91,246
FN:98,System.Double LevelXML.Shape::get_Density()
FNDA:3,System.Double LevelXML.Shape::get_Density()
DA:99,3
BRDA:99,20,0,0
BRDA:99,20,1,1
FN:100,System.Void LevelXML.Shape::set_Density(System.Double)
FNDA:82,System.Void LevelXML.Shape::set_Density(System.Double)
DA:101,82
DA:102,82
DA:103,82
FN:114,System.Double LevelXML.Shape::get_FillColor()
FNDA:3,System.Double LevelXML.Shape::get_FillColor()
DA:115,3
BRDA:115,20,0,0
BRDA:115,20,1,1
FN:116,System.Void LevelXML.Shape::set_FillColor(System.Double)
FNDA:82,System.Void LevelXML.Shape::set_FillColor(System.Double)
DA:117,82
DA:118,82
DA:119,82
FN:124,System.Double LevelXML.Shape::get_OutlineColor()
FNDA:3,System.Double LevelXML.Shape::get_OutlineColor()
DA:125,3
BRDA:125,20,0,0
BRDA:125,20,1,1
FN:126,System.Void LevelXML.Shape::set_OutlineColor(System.Double)
FNDA:82,System.Void LevelXML.Shape::set_OutlineColor(System.Double)
DA:127,82
DA:128,82
DA:129,82
FN:141,System.Double LevelXML.Shape::get_Opacity()
FNDA:3,System.Double LevelXML.Shape::get_Opacity()
DA:142,3
BRDA:142,20,0,0
BRDA:142,20,1,1
FN:143,System.Void LevelXML.Shape::set_Opacity(System.Double)
FNDA:82,System.Void LevelXML.Shape::set_Opacity(System.Double)
DA:144,82
DA:145,82
DA:146,82
FN:153,LevelXML.Collision LevelXML.Shape::get_Collision()
FNDA:3,LevelXML.Collision LevelXML.Shape::get_Collision()
DA:154,3
BRDA:154,25,0,0
BRDA:154,25,1,1
BRDA:154,63,0,0
BRDA:154,63,1,1
FN:154,System.Void LevelXML.Shape::set_Collision(LevelXML.Collision)
FNDA:246,System.Void LevelXML.Shape::set_Collision(LevelXML.Collision)
DA:155,246
FN:158,System.Void LevelXML.Shape::SetParams(System.Xml.Linq.XElement)
FNDA:94,System.Void LevelXML.Shape::SetParams(System.Xml.Linq.XElement)
DA:159,94
DA:160,94
DA:161,94
DA:162,94
DA:163,92
DA:164,91
DA:165,87
DA:166,83
DA:167,82
DA:168,82
DA:169,82
DA:170,82
DA:171,82
DA:172,82
DA:173,82
DA:174,82
BRDA:162,72,0,2
BRDA:162,72,1,92
BRDA:163,118,0,1
BRDA:163,118,1,91
BRDA:164,164,0,6
BRDA:164,164,1,85
BRDA:165,210,0,3
BRDA:165,210,1,84
BRDA:167,282,0,3
BRDA:167,282,1,79
BRDA:168,325,0,3
BRDA:168,325,1,79
BRDA:169,368,0,1
BRDA:169,368,1,81
BRDA:170,414,0,3
BRDA:170,414,1,79
BRDA:171,460,0,3
BRDA:171,460,1,79
BRDA:172,506,0,1
BRDA:172,506,1,81
BRDA:173,552,0,1
BRDA:173,552,1,81
BRDA:173,590,0,1
BRDA:173,590,1,81
FN:174,System.Void LevelXML.Shape::.ctor(System.Xml.Linq.XElement)
FNDA:94,System.Void LevelXML.Shape::.ctor(System.Xml.Linq.XElement)
DA:175,94
DA:176,94
DA:177,94
DA:178,94
LF:65
LH:65
BRF:54
BRH:44
FNF:24
FNH:24
end_of_record
SF:/home/ultrako/work/LevelXML/csharp/LevelXML/LevelXML/Shapes/Art.cs
FN:8,System.UInt32 LevelXML.Art::get_Type()
FNDA:14,System.UInt32 LevelXML.Art::get_Type()
DA:9,14
FN:12,System.Void LevelXML.Art::.ctor(LevelXML.Vertex[])
FNDA:12,System.Void LevelXML.Art::.ctor(LevelXML.Vertex[])
DA:13,12
FN:13,System.Void LevelXML.Art::.ctor(System.String,LevelXML.Vertex[])
FNDA:18,System.Void LevelXML.Art::.ctor(System.String,LevelXML.Vertex[])
DA:14,18
FN:14,System.Void LevelXML.Art::.ctor(System.Xml.Linq.XElement,System.Func`2<LevelXML.Entity,System.Int32>,LevelXML.Vertex[])
FNDA:32,System.Void LevelXML.Art::.ctor(System.Xml.Linq.XElement,System.Func`2<LevelXML.Entity,System.Int32>,LevelXML.Vertex[])
DA:15,32
FN:9,System.Void LevelXML.Art::.cctor()
FNDA:1,System.Void LevelXML.Art::.cctor()
DA:10,1
DA:11,1
LF:6
LH:6
BRF:0
BRH:0
FNF:5
FNH:5
end_of_record
SF:/home/ultrako/work/LevelXML/csharp/LevelXML/LevelXML/Shapes/Circle.cs
FN:8,System.UInt32 LevelXML.Circle::get_Type()
FNDA:12,System.UInt32 LevelXML.Circle::get_Type()
DA:9,12
FN:11,System.String LevelXML.Circle::ToXML()
FNDA:3,System.String LevelXML.Circle::ToXML()
DA:12,3
FN:14,System.Double LevelXML.Circle::get_Width()
FNDA:18,System.Double LevelXML.Circle::get_Width()
DA:15,18
BRDA:15,20,0,0
BRDA:15,20,1,6
FN:16,System.Void LevelXML.Circle::set_Width(System.Double)
FNDA:25,System.Void LevelXML.Circle::set_Width(System.Double)
DA:17,25
DA:18,27
DA:19,2
DA:21,23
DA:22,23
DA:23,23
DA:24,23
BRDA:18,9,0,2
BRDA:18,9,1,23
FN:27,System.Double LevelXML.Circle::get_Height()
FNDA:9,System.Double LevelXML.Circle::get_Height()
DA:28,9
FN:28,System.Void LevelXML.Circle::set_Height(System.Double)
FNDA:32,System.Void LevelXML.Circle::set_Height(System.Double)
DA:29,32
FN:32,System.Double LevelXML.Circle::get_Cutout()
FNDA:9,System.Double LevelXML.Circle::get_Cutout()
DA:33,9
FN:34,System.Void LevelXML.Circle::set_Cutout(System.Double)
FNDA:12,System.Void LevelXML.Circle::set_Cutout(System.Double)
DA:35,12
DA:36,12
DA:37,12
FN:42,System.Void LevelXML.Circle::SetParams(System.Xml.Linq.XElement)
FNDA:12,System.Void LevelXML.Circle::SetParams(System.Xml.Linq.XElement)
DA:43,12
DA:44,12
DA:45,10
DA:46,10
FN:39,System.Void LevelXML.Circle::.ctor()
FNDA:15,System.Void LevelXML.Circle::.ctor()
DA:40,15
FN:40,System.Void LevelXML.Circle::.ctor(System.String)
FNDA:17,System.Void LevelXML.Circle::.ctor(System.String)
DA:41,17
FN:46,System.Void LevelXML.Circle::.ctor(System.Xml.Linq.XElement)
FNDA:12,System.Void LevelXML.Circle::.ctor(System.Xml.Linq.XElement)
DA:47,12
DA:48,12
DA:49,12
DA:50,10
FN:9,System.Void LevelXML.Circle::.cctor()
FNDA:1,System.Void LevelXML.Circle::.cctor()
DA:10,1
DA:11,1
LF:28
LH:28
BRF:4
BRH:3
FNF:13
FNH:13
end_of_record
SF:/home/ultrako/work/LevelXML/csharp/LevelXML/LevelXML/Shapes/CustomShape.cs
FN:13,System.Collections.Generic.IList`1<LevelXML.Vertex> LevelXML.CustomShape::get_Vertices()
FNDA:27,System.Collections.Generic.IList`1<LevelXML.Vertex> LevelXML.CustomShape::get_Vertices()
DA:14,27
FN:17,System.Double LevelXML.CustomShape::get_Width()
FNDA:6,System.Double LevelXML.CustomShape::get_Width()
DA:18,6
BRDA:18,20,0,0
BRDA:18,20,1,2
FN:19,System.Void LevelXML.CustomShape::set_Width(System.Double)
FNDA:20,System.Void LevelXML.CustomShape::set_Width(System.Double)
DA:20,20
DA:21,21
DA:22,1
DA:24,19
DA:25,19
BRDA:21,9,0,1
BRDA:21,9,1,19
FN:28,System.Double LevelXML.CustomShape::get_Height()
FNDA:6,System.Double LevelXML.CustomShape::get_Height()
DA:29,6
BRDA:29,20,0,0
BRDA:29,20,1,2
FN:30,System.Void LevelXML.CustomShape::set_Height(System.Double)
FNDA:19,System.Void LevelXML.CustomShape::set_Height(System.Double)
DA:31,19
DA:32,20
DA:33,1
DA:35,18
DA:36,18
BRDA:32,9,0,1
BRDA:32,9,1,18
FN:39,System.Void LevelXML.CustomShape::PlaceInLevel(System.Func`2<LevelXML.Entity,System.Int32>)
FNDA:13,System.Void LevelXML.CustomShape::PlaceInLevel(System.Func`2<LevelXML.Entity,System.Int32>)
DA:40,13
DA:41,13
DA:42,13
DA:43,13
DA:44,13
DA:45,13
FN:47,System.Void LevelXML.CustomShape::FinishConstruction()
FNDA:6,System.Void LevelXML.CustomShape::FinishConstruction()
DA:48,6
DA:49,6
DA:50,5
FN:51,System.Void LevelXML.CustomShape::.ctor(System.Xml.Linq.XElement,System.Func`2<LevelXML.Entity,System.Int32>,LevelXML.Vertex[])
FNDA:21,System.Void LevelXML.CustomShape::.ctor(System.Xml.Linq.XElement,System.Func`2<LevelXML.Entity,System.Int32>,LevelXML.Vertex[])
DA:52,21
DA:53,21
DA:54,21
DA:55,18
DA:56,18
DA:57,9
DA:58,9
DA:59,7
DA:61,9
DA:62,9
DA:63,9
DA:64,52
DA:65,2
DA:66,2
DA:67,2
DA:68,16
DA:69,16
DA:70,16
BRDA:56,40,0,9
BRDA:56,40,1,9
BRDA:64,110,1,2
BRDA:64,110,0,16
LF:40
LH:40
BRF:12
BRH:10
FNF:8
FNH:8
end_of_record
SF:/home/ultrako/work/LevelXML/csharp/LevelXML/LevelXML/Shapes/Polygon.cs
FN:7,System.UInt32 LevelXML.Polygon::get_Type()
FNDA:7,System.UInt32 LevelXML.Polygon::get_Type()
DA:8,7
FN:11,System.Void LevelXML.Polygon::.ctor(LevelXML.Vertex[])
FNDA:12,System.Void LevelXML.Polygon::.ctor(LevelXML.Vertex[])
DA:12,12
FN:12,System.Void LevelXML.Polygon::.ctor(System.String,LevelXML.Vertex[])
FNDA:12,System.Void LevelXML.Polygon::.ctor(System.String,LevelXML.Vertex[])
DA:13,12
FN:13,System.Void LevelXML.Polygon::.ctor(System.Xml.Linq.XElement,System.Func`2<LevelXML.Entity,System.Int32>,LevelXML.Vertex[])
FNDA:21,System.Void LevelXML.Polygon::.ctor(System.Xml.Linq.XElement,System.Func`2<LevelXML.Entity,System.Int32>,LevelXML.Vertex[])
DA:14,21
FN:8,System.Void LevelXML.Polygon::.cctor()
FNDA:1,System.Void LevelXML.Polygon::.cctor()
DA:9,1
DA:10,1
LF:6
LH:6
BRF:0
BRH:0
FNF:5
FNH:5
end_of_record
SF:/home/ultrako/work/LevelXML/csharp/LevelXML/LevelXML/Shapes/Rectangle.cs
FN:9,System.UInt32 LevelXML.Rectangle::get_Type()
FNDA:56,System.UInt32 LevelXML.Rectangle::get_Type()
DA:10,56
FN:13,System.String LevelXML.Rectangle::ToXML()
FNDA:12,System.String LevelXML.Rectangle::ToXML()
DA:14,12
FN:17,System.Double LevelXML.Rectangle::get_Width()
FNDA:9,System.Double LevelXML.Rectangle::get_Width()
DA:18,9
BRDA:18,20,0,0
BRDA:18,20,1,3
FN:19,System.Void LevelXML.Rectangle::set_Width(System.Double)
FNDA:56,System.Void LevelXML.Rectangle::set_Width(System.Double)
DA:20,56
DA:21,56
DA:22,1
DA:23,1
DA:25,55
DA:26,55
BRDA:21,9,0,1
BRDA:21,9,1,55
FN:30,System.Double LevelXML.Rectangle::get_Height()
FNDA:9,System.Double LevelXML.Rectangle::get_Height()
DA:31,9
BRDA:31,20,0,0
BRDA:31,20,1,3
FN:32,System.Void LevelXML.Rectangle::set_Height(System.Double)
FNDA:55,System.Void LevelXML.Rectangle::set_Height(System.Double)
DA:33,55
DA:34,56
DA:35,1
DA:37,54
DA:38,54
BRDA:34,9,0,1
BRDA:34,9,1,54
FN:40,System.Void LevelXML.Rectangle::.ctor()
FNDA:60,System.Void LevelXML.Rectangle::.ctor()
DA:41,60
FN:42,System.Void LevelXML.Rectangle::.ctor(System.String)
FNDA:77,System.Void LevelXML.Rectangle::.ctor(System.String)
DA:43,77
FN:44,System.Void LevelXML.Rectangle::.ctor(System.Xml.Linq.XElement)
FNDA:56,System.Void LevelXML.Rectangle::.ctor(System.Xml.Linq.XElement)
DA:45,56
DA:46,56
DA:47,56
DA:48,51
FN:10,System.Void LevelXML.Rectangle::.cctor()
FNDA:1,System.Void LevelXML.Rectangle::.cctor()
DA:11,1
DA:12,1
LF:23
LH:23
BRF:8
BRH:6
FNF:10
FNH:10
end_of_record
SF:/home/ultrako/work/LevelXML/csharp/LevelXML/LevelXML/Shapes/Triangle.cs
FN:9,System.UInt32 LevelXML.Triangle::get_Type()
FNDA:5,System.UInt32 LevelXML.Triangle::get_Type()
DA:10,5
FN:13,System.String LevelXML.Triangle::ToXML()
FNDA:3,System.String LevelXML.Triangle::ToXML()
DA:14,3
FN:17,System.Double LevelXML.Triangle::get_Width()
FNDA:6,System.Double LevelXML.Triangle::get_Width()
DA:18,6
BRDA:18,20,0,0
BRDA:18,20,1,2
FN:19,System.Void LevelXML.Triangle::set_Width(System.Double)
FNDA:6,System.Void LevelXML.Triangle::set_Width(System.Double)
DA:20,6
DA:21,6
DA:22,1
DA:23,1
DA:25,5
DA:26,5
BRDA:21,9,0,1
BRDA:21,9,1,5
FN:30,System.Double LevelXML.Triangle::get_Height()
FNDA:6,System.Double LevelXML.Triangle::get_Height()
DA:31,6
BRDA:31,20,0,0
BRDA:31,20,1,2
FN:32,System.Void LevelXML.Triangle::set_Height(System.Double)
FNDA:5,System.Void LevelXML.Triangle::set_Height(System.Double)
DA:33,5
DA:34,6
DA:35,1
DA:37,4
DA:38,4
BRDA:34,9,0,1
BRDA:34,9,1,4
FN:40,System.Void LevelXML.Triangle::.ctor()
FNDA:6,System.Void LevelXML.Triangle::.ctor()
DA:41,6
FN:42,System.Void LevelXML.Triangle::.ctor(System.String)
FNDA:8,System.Void LevelXML.Triangle::.ctor(System.String)
DA:43,8
FN:44,System.Void LevelXML.Triangle::.ctor(System.Xml.Linq.XElement)
FNDA:5,System.Void LevelXML.Triangle::.ctor(System.Xml.Linq.XElement)
DA:45,5
DA:46,5
DA:47,5
DA:48,3
FN:10,System.Void LevelXML.Triangle::.cctor()
FNDA:1,System.Void LevelXML.Triangle::.cctor()
DA:11,1
DA:12,1
LF:23
LH:23
BRF:8
BRH:6
FNF:10
FNH:10
end_of_record
SF:/home/ultrako/work/LevelXML/csharp/LevelXML/LevelXML/Shapes/Vertices.cs
FN:8,System.Double LevelXML.Point::get_X()
FNDA:108,System.Double LevelXML.Point::get_X()
DA:9,108
FN:17,LevelXML.Point LevelXML.Vertex::get_position()
FNDA:150,LevelXML.Point LevelXML.Vertex::get_position()
DA:18,150
FN:33,System.Void LevelXML.Vertices::set_Connected(System.Nullable`1<LevelXML.LevelXMLTag/HWBool>)
FNDA:18,System.Void LevelXML.Vertices::set_Connected(System.Nullable`1<LevelXML.LevelXMLTag/HWBool>)
DA:34,18
DA:35,18
DA:36,18
DA:37,18
BRDA:35,10,0,0
BRDA:35,10,1,18
FN:39,System.Void LevelXML.Vertices::FinishConstruction()
FNDA:56,System.Void LevelXML.Vertices::FinishConstruction()
DA:40,56
FN:42,System.Void LevelXML.Vertices::PlaceInLevel()
FNDA:13,System.Void LevelXML.Vertices::PlaceInLevel()
DA:43,13
DA:44,13
DA:45,13
DA:46,13
DA:47,9
DA:48,9
DA:49,9
DA:50,13
DA:51,69
DA:52,15
DA:53,15
DA:54,21
DA:55,18
DA:56,15
DA:57,15
DA:58,15
DA:59,13
BRDA:46,57,0,9
BRDA:46,57,1,13
BRDA:51,484,1,15
BRDA:54,213,0,2
BRDA:54,213,1,15
BRDA:55,322,0,1
BRDA:55,322,1,15
BRDA:51,484,0,13
FN:21,System.Void LevelXML.Vertices::.ctor(LevelXML.Entity)
FNDA:18,System.Void LevelXML.Vertices::.ctor(LevelXML.Entity)
DA:22,18
DA:61,9
DA:62,9
DA:63,9
DA:64,9
DA:65,9
FN:66,System.Void LevelXML.Vertices::.ctor(System.Xml.Linq.XElement,LevelXML.Entity,System.Func`2<LevelXML.Entity,System.Int32>)
FNDA:9,System.Void LevelXML.Vertices::.ctor(System.Xml.Linq.XElement,LevelXML.Entity,System.Func`2<LevelXML.Entity,System.Int32>)
DA:67,9
DA:68,9
DA:70,9
DA:71,9
DA:72,44
DA:73,9
DA:74,9
DA:75,9
DA:76,9
DA:77,8
DA:78,8
DA:79,8
DA:81,1
DA:82,1
DA:84,49
DA:85,13
DA:86,13
DA:87,44
DA:88,13
DA:89,1
DA:90,1
DA:92,12
DA:93,12
DA:94,12
DA:95,12
DA:96,2
DA:97,2
DA:98,2
DA:99,12
DA:100,1
DA:101,1
DA:102,1
DA:103,12
DA:104,12
DA:106,7
BRDA:76,153,0,8
BRDA:76,153,1,1
BRDA:84,449,1,13
BRDA:88,287,0,1
BRDA:88,287,1,12
BRDA:95,347,0,2
BRDA:95,347,1,12
BRDA:99,391,0,1
BRDA:99,391,1,12
BRDA:84,449,0,7
LF:65
LH:65
BRF:20
BRH:19
FNF:7
FNH:7
end_of_record
SF:/home/ultrako/work/LevelXML/csharp/LevelXML/LevelXML/Special.cs
FN:11,System.String LevelXML.Special::ToXML()
FNDA:9,System.String LevelXML.Special::ToXML()
DA:12,9
FN:15,System.Double LevelXML.Special::get_X()
FNDA:3,System.Double LevelXML.Special::get_X()
DA:16,3
FN:17,System.Void LevelXML.Special::set_X(System.Double)
FNDA:152,System.Void LevelXML.Special::set_X(System.Double)
DA:18,152
DA:19,152
DA:20,1
DA:21,1
DA:23,453
DA:24,151
BRDA:19,9,0,1
BRDA:19,9,1,151
FN:28,System.Double LevelXML.Special::get_Y()
FNDA:3,System.Double LevelXML.Special::get_Y()
DA:29,3
FN:30,System.Void LevelXML.Special::set_Y(System.Double)
FNDA:151,System.Void LevelXML.Special::set_Y(System.Double)
DA:31,151
DA:32,151
DA:33,1
DA:34,1
DA:36,450
DA:37,150
BRDA:32,9,0,1
BRDA:32,9,1,150
FN:40,System.Void LevelXML.Special::SetParams(System.Xml.Linq.XElement)
FNDA:151,System.Void LevelXML.Special::SetParams(System.Xml.Linq.XElement)
DA:41,151
DA:42,151
DA:43,151
DA:44,150
DA:45,149
BRDA:43,54,0,0
BRDA:43,54,1,151
BRDA:44,100,0,0
BRDA:44,100,1,150
FN:46,System.Void LevelXML.Special::.ctor(System.Xml.Linq.XElement)
FNDA:151,System.Void LevelXML.Special::.ctor(System.Xml.Linq.XElement)
DA:47,151
DA:48,151
DA:49,151
DA:50,151
LF:24
LH:24
BRF:8
BRH:6
FNF:7
FNH:7
end_of_record
SF:/home/ultrako/work/LevelXML/csharp/LevelXML/LevelXML/Specials/ArrowGun.cs
FN:6,System.UInt32 LevelXML.ArrowGun::get_Type()
FNDA:3,System.UInt32 LevelXML.ArrowGun::get_Type()
DA:7,3
FN:12,System.Double LevelXML.ArrowGun::get_Rotation()
FNDA:3,System.Double LevelXML.ArrowGun::get_Rotation()
DA:13,3
FN:14,System.Void LevelXML.ArrowGun::set_Rotation(System.Double)
FNDA:4,System.Void LevelXML.ArrowGun::set_Rotation(System.Double)
DA:15,4
DA:16,4
DA:17,1
DA:18,1
DA:20,3
DA:21,3
BRDA:16,9,0,1
BRDA:16,9,1,3
FN:25,LevelXML.LevelXMLTag/HWBool LevelXML.ArrowGun::get_Fixed()
FNDA:3,LevelXML.LevelXMLTag/HWBool LevelXML.ArrowGun::get_Fixed()
DA:26,3
BRDA:26,20,0,0
BRDA:26,20,1,1
FN:26,System.Void LevelXML.ArrowGun::set_Fixed(LevelXML.LevelXMLTag/HWBool)
FNDA:9,System.Void LevelXML.ArrowGun::set_Fixed(LevelXML.LevelXMLTag/HWBool)
DA:27,9
FN:34,System.Double LevelXML.ArrowGun::get_RateOfFire()
FNDA:3,System.Double LevelXML.ArrowGun::get_RateOfFire()
DA:35,3
BRDA:35,20,0,0
BRDA:35,20,1,1
FN:35,System.Void LevelXML.ArrowGun::set_RateOfFire(System.Double)
FNDA:9,System.Void LevelXML.ArrowGun::set_RateOfFire(System.Double)
DA:36,9
FN:45,LevelXML.LevelXMLTag/HWBool LevelXML.ArrowGun::get_ShootPlayer()
FNDA:3,LevelXML.LevelXMLTag/HWBool LevelXML.ArrowGun::get_ShootPlayer()
DA:46,3
BRDA:46,20,0,0
BRDA:46,20,1,1
BRDA:46,61,0,0
BRDA:46,61,1,1
FN:46,System.Void LevelXML.ArrowGun::set_ShootPlayer(LevelXML.LevelXMLTag/HWBool)
FNDA:9,System.Void LevelXML.ArrowGun::set_ShootPlayer(LevelXML.LevelXMLTag/HWBool)
DA:47,9
FN:50,System.Void LevelXML.ArrowGun::SetParams(System.Xml.Linq.XElement)
FNDA:3,System.Void LevelXML.ArrowGun::SetParams(System.Xml.Linq.XElement)
DA:51,3
DA:52,3
DA:53,3
DA:54,3
DA:55,3
DA:56,3
DA:57,3
BRDA:54,55,0,0
BRDA:54,55,1,3
BRDA:55,98,0,1
BRDA:55,98,1,2
BRDA:56,144,0,0
BRDA:56,144,1,3
BRDA:56,185,0,0
BRDA:56,185,1,3
FN:58,System.Void LevelXML.ArrowGun::.ctor(System.String)
FNDA:6,System.Void LevelXML.ArrowGun::.ctor(System.String)
DA:59,6
FN:60,System.Void LevelXML.ArrowGun::.ctor(System.Xml.Linq.XElement)
FNDA:3,System.Void LevelXML.ArrowGun::.ctor(System.Xml.Linq.XElement)
DA:61,3
DA:62,3
DA:63,3
DA:64,3
LF:26
LH:26
BRF:18
BRH:11
FNF:12
FNH:12
end_of_record
SF:/home/ultrako/work/LevelXML/csharp/LevelXML/LevelXML/Specials/BladeWeapon.cs
FN:6,System.UInt32 LevelXML.BladeWeapon::get_Type()
FNDA:4,System.UInt32 LevelXML.BladeWeapon::get_Type()
DA:7,4
FN:12,System.Double LevelXML.BladeWeapon::get_Rotation()
FNDA:3,System.Double LevelXML.BladeWeapon::get_Rotation()
DA:13,3
FN:14,System.Void LevelXML.BladeWeapon::set_Rotation(System.Double)
FNDA:5,System.Void LevelXML.BladeWeapon::set_Rotation(System.Double)
DA:15,5
DA:16,5
DA:17,1
DA:18,1
DA:20,4
DA:21,4
BRDA:16,9,0,1
BRDA:16,9,1,4
FN:25,LevelXML.LevelXMLTag/HWBool LevelXML.BladeWeapon::get_Reverse()
FNDA:3,LevelXML.LevelXMLTag/HWBool LevelXML.BladeWeapon::get_Reverse()
DA:26,3
BRDA:26,20,0,0
BRDA:26,20,1,1
FN:26,System.Void LevelXML.BladeWeapon::set_Reverse(LevelXML.LevelXMLTag/HWBool)
FNDA:12,System.Void LevelXML.BladeWeapon::set_Reverse(LevelXML.LevelXMLTag/HWBool)
DA:27,12
FN:31,LevelXML.LevelXMLTag/HWBool LevelXML.BladeWeapon::get_Sleeping()
FNDA:3,LevelXML.LevelXMLTag/HWBool LevelXML.BladeWeapon::get_Sleeping()
DA:32,3
BRDA:32,20,0,0
BRDA:32,20,1,1
FN:32,System.Void LevelXML.BladeWeapon::set_Sleeping(LevelXML.LevelXMLTag/HWBool)
FNDA:12,System.Void LevelXML.BladeWeapon::set_Sleeping(LevelXML.LevelXMLTag/HWBool)
DA:33,12
FN:37,LevelXML.LevelXMLTag/HWBool LevelXML.BladeWeapon::get_Interactive()
FNDA:3,LevelXML.LevelXMLTag/HWBool LevelXML.BladeWeapon::get_Interactive()
DA:38,3
BRDA:38,20,0,0
BRDA:38,20,1,1
FN:38,System.Void LevelXML.BladeWeapon::set_Interactive(LevelXML.LevelXMLTag/HWBool)
FNDA:12,System.Void LevelXML.BladeWeapon::set_Interactive(LevelXML.LevelXMLTag/HWBool)
DA:39,12
FN:43,LevelXML.WeaponType LevelXML.BladeWeapon::get_WeaponType()
FNDA:3,LevelXML.WeaponType LevelXML.BladeWeapon::get_WeaponType()
DA:44,3
BRDA:44,20,0,0
BRDA:44,20,1,1
BRDA:44,58,0,0
BRDA:44,58,1,1
FN:44,System.Void LevelXML.BladeWeapon::set_WeaponType(LevelXML.WeaponType)
FNDA:12,System.Void LevelXML.BladeWeapon::set_WeaponType(LevelXML.WeaponType)
DA:45,12
FN:48,System.Void LevelXML.BladeWeapon::SetParams(System.Xml.Linq.XElement)
FNDA:4,System.Void LevelXML.BladeWeapon::SetParams(System.Xml.Linq.XElement)
DA:49,4
DA:50,4
DA:51,4
DA:52,4
DA:53,4
DA:54,4
DA:55,4
DA:56,4
BRDA:52,55,0,0
BRDA:52,55,1,4
BRDA:53,98,0,0
BRDA:53,98,1,4
BRDA:54,141,0,0
BRDA:54,141,1,4
BRDA:55,184,0,0
BRDA:55,184,1,4
FN:57,System.Void LevelXML.BladeWeapon::.ctor(System.String)
FNDA:9,System.Void LevelXML.BladeWeapon::.ctor(System.String)
DA:58,9
FN:59,System.Void LevelXML.BladeWeapon::.ctor(System.Xml.Linq.XElement)
FNDA:4,System.Void LevelXML.BladeWeapon::.ctor(System.Xml.Linq.XElement)
DA:60,4
DA:61,4
DA:62,4
DA:63,4
LF:29
LH:29
BRF:20
BRH:11
FNF:14
FNH:14
end_of_record
SF:/home/ultrako/work/LevelXML/csharp/LevelXML/LevelXML/Specials/BoomBox.cs
FN:6,System.UInt32 LevelXML.Boombox::get_Type()
FNDA:3,System.UInt32 LevelXML.Boombox::get_Type()
DA:7,3
FN:12,System.Double LevelXML.Boombox::get_Rotation()
FNDA:3,System.Double LevelXML.Boombox::get_Rotation()
DA:13,3
FN:14,System.Void LevelXML.Boombox::set_Rotation(System.Double)
FNDA:4,System.Void LevelXML.Boombox::set_Rotation(System.Double)
DA:15,4
DA:16,4
DA:17,1
DA:18,1
DA:20,3
DA:21,3
BRDA:16,9,0,1
BRDA:16,9,1,3
FN:25,LevelXML.LevelXMLTag/HWBool LevelXML.Boombox::get_Sleeping()
FNDA:3,LevelXML.LevelXMLTag/HWBool LevelXML.Boombox::get_Sleeping()
DA:26,3
BRDA:26,20,0,0
BRDA:26,20,1,1
FN:26,System.Void LevelXML.Boombox::set_Sleeping(LevelXML.LevelXMLTag/HWBool)
FNDA:9,System.Void LevelXML.Boombox::set_Sleeping(LevelXML.LevelXMLTag/HWBool)
DA:27,9
FN:31,LevelXML.LevelXMLTag/HWBool LevelXML.Boombox::get_Interactive()
FNDA:3,LevelXML.LevelXMLTag/HWBool LevelXML.Boombox::get_Interactive()
DA:32,3
BRDA:32,20,0,0
BRDA:32,20,1,1
FN:32,System.Void LevelXML.Boombox::set_Interactive(LevelXML.LevelXMLTag/HWBool)
FNDA:9,System.Void LevelXML.Boombox::set_Interactive(LevelXML.LevelXMLTag/HWBool)
DA:33,9
FN:36,System.Void LevelXML.Boombox::SetParams(System.Xml.Linq.XElement)
FNDA:3,System.Void LevelXML.Boombox::SetParams(System.Xml.Linq.XElement)
DA:37,3
DA:38,3
DA:39,3
DA:40,3
DA:41,3
DA:42,3
BRDA:40,55,0,0
BRDA:40,55,1,3
BRDA:41,98,0,0
BRDA:41,98,1,3
FN:43,System.Void LevelXML.Boombox::.ctor(System.String)
FNDA:6,System.Void LevelXML.Boombox::.ctor(System.String)
DA:44,6
FN:45,System.Void LevelXML.Boombox::.ctor(System.Xml.Linq.XElement)
FNDA:3,System.Void LevelXML.Boombox::.ctor(System.Xml.Linq.XElement)
DA:46,3
DA:47,3
DA:48,3
DA:49,3
LF:23
LH:23
BRF:10
BRH:6
FNF:10
FNH:10
end_of_record
SF:/home/ultrako/work/LevelXML/csharp/LevelXML/LevelXML/Specials/Boost.cs
FN:6,System.UInt32 LevelXML.Boost::get_Type()
FNDA:5,System.UInt32 LevelXML.Boost::get_Type()
DA:7,5
FN:12,System.Double LevelXML.Boost::get_Rotation()
FNDA:3,System.Double LevelXML.Boost::get_Rotation()
DA:13,3
FN:14,System.Void LevelXML.Boost::set_Rotation(System.Double)
FNDA:6,System.Void LevelXML.Boost::set_Rotation(System.Double)
DA:15,6
DA:16,6
DA:17,1
DA:18,1
DA:20,5
DA:21,5
BRDA:16,9,0,1
BRDA:16,9,1,5
FN:29,System.Double LevelXML.Boost::get_Panels()
FNDA:3,System.Double LevelXML.Boost::get_Panels()
DA:30,3
BRDA:30,20,0,0
BRDA:30,20,1,1
FN:31,System.Void LevelXML.Boost::set_Panels(System.Double)
FNDA:6,System.Void LevelXML.Boost::set_Panels(System.Double)
DA:32,6
DA:33,6
DA:34,1
DA:35,1
DA:37,5
DA:38,5
BRDA:33,9,0,1
BRDA:33,9,1,5
FN:42,System.Double LevelXML.Boost::get_Speed()
FNDA:3,System.Double LevelXML.Boost::get_Speed()
DA:43,3
BRDA:43,20,0,0
BRDA:43,20,1,1
FN:43,System.Void LevelXML.Boost::set_Speed(System.Double)
FNDA:15,System.Void LevelXML.Boost::set_Speed(System.Double)
DA:44,15
FN:47,System.Void LevelXML.Boost::SetParams(System.Xml.Linq.XElement)
FNDA:5,System.Void LevelXML.Boost::SetParams(System.Xml.Linq.XElement)
DA:48,5
DA:49,5
DA:50,5
DA:51,5
DA:52,5
DA:53,5
BRDA:51,55,0,0
BRDA:51,55,1,5
BRDA:52,101,0,1
BRDA:52,101,1,4
FN:54,System.Void LevelXML.Boost::.ctor(System.String)
FNDA:9,System.Void LevelXML.Boost::.ctor(System.String)
DA:55,9
FN:56,System.Void LevelXML.Boost::.ctor(System.Xml.Linq.XElement)
FNDA:5,System.Void LevelXML.Boost::.ctor(System.Xml.Linq.XElement)
DA:57,5
DA:58,5
DA:59,5
DA:60,5
LF:28
LH:28
BRF:12
BRH:9
FNF:10
FNH:10
end_of_record
SF:/home/ultrako/work/LevelXML/csharp/LevelXML/LevelXML/Specials/Bottle.cs
FN:6,System.UInt32 LevelXML.Bottle::get_Type()
FNDA:3,System.UInt32 LevelXML.Bottle::get_Type()
DA:7,3
FN:12,System.Double LevelXML.Bottle::get_Rotation()
FNDA:3,System.Double LevelXML.Bottle::get_Rotation()
DA:13,3
FN:14,System.Void LevelXML.Bottle::set_Rotation(System.Double)
FNDA:4,System.Void LevelXML.Bottle::set_Rotation(System.Double)
DA:15,4
DA:16,4
DA:17,1
DA:18,1
DA:20,3
DA:21,3
BRDA:16,9,0,1
BRDA:16,9,1,3
FN:25,LevelXML.BottleType LevelXML.Bottle::get_BottleType()
FNDA:3,LevelXML.BottleType LevelXML.Bottle::get_BottleType()
DA:26,3
BRDA:26,20,0,0
BRDA:26,20,1,1
BRDA:26,58,0,0
BRDA:26,58,1,1
FN:26,System.Void LevelXML.Bottle::set_BottleType(LevelXML.BottleType)
FNDA:9,System.Void LevelXML.Bottle::set_BottleType(LevelXML.BottleType)
DA:27,9
FN:31,LevelXML.LevelXMLTag/HWBool LevelXML.Bottle::get_Sleeping()
FNDA:3,LevelXML.LevelXMLTag/HWBool LevelXML.Bottle::get_Sleeping()
DA:32,3
BRDA:32,20,0,0
BRDA:32,20,1,1
FN:32,System.Void LevelXML.Bottle::set_Sleeping(LevelXML.LevelXMLTag/HWBool)
FNDA:9,System.Void LevelXML.Bottle::set_Sleeping(LevelXML.LevelXMLTag/HWBool)
DA:33,9
FN:37,LevelXML.LevelXMLTag/HWBool LevelXML.Bottle::get_Interactive()
FNDA:3,LevelXML.LevelXMLTag/HWBool LevelXML.Bottle::get_Interactive()
DA:38,3
BRDA:38,20,0,0
BRDA:38,20,1,1
FN:38,System.Void LevelXML.Bottle::set_Interactive(LevelXML.LevelXMLTag/HWBool)
FNDA:9,System.Void LevelXML.Bottle::set_Interactive(LevelXML.LevelXMLTag/HWBool)
DA:39,9
FN:42,System.Void LevelXML.Bottle::SetParams(System.Xml.Linq.XElement)
FNDA:3,System.Void LevelXML.Bottle::SetParams(System.Xml.Linq.XElement)
DA:43,3
DA:44,3
DA:45,3
DA:46,3
DA:47,3
DA:48,3
DA:49,3
BRDA:46,55,0,0
BRDA:46,55,1,3
BRDA:47,102,0,0
BRDA:47,102,1,3
BRDA:48,145,0,0
BRDA:48,145,1,3
FN:50,System.Void LevelXML.Bottle::.ctor(System.String)
FNDA:6,System.Void LevelXML.Bottle::.ctor(System.String)
DA:51,6
FN:52,System.Void LevelXML.Bottle::.ctor(System.Xml.Linq.XElement)
FNDA:3,System.Void LevelXML.Bottle::.ctor(System.Xml.Linq.XElement)
DA:53,3
DA:54,3
DA:55,3
DA:56,3
LF:26
LH:26
BRF:16
BRH:9
FNF:12
FNH:12
end_of_record
SF:/home/ultrako/work/LevelXML/csharp/LevelXML/LevelXML/Specials/Building.cs
FN:11,System.Double LevelXML.Building::get_FloorWidth()
FNDA:3,System.Double LevelXML.Building::get_FloorWidth()
DA:12,3
BRDA:12,20,0,0
BRDA:12,20,1,1
FN:13,System.Void LevelXML.Building::set_FloorWidth(System.Double)
FNDA:5,System.Void LevelXML.Building::set_FloorWidth(System.Double)
DA:14,5
DA:15,5
DA:16,1
DA:17,1
DA:19,4
DA:20,4
BRDA:15,9,0,1
BRDA:15,9,1,4
FN:27,System.Double LevelXML.Building::get_Floors()
FNDA:3,System.Double LevelXML.Building::get_Floors()
DA:28,3
BRDA:28,20,0,0
BRDA:28,20,1,1
FN:29,System.Void LevelXML.Building::set_Floors(System.Double)
FNDA:4,System.Void LevelXML.Building::set_Floors(System.Double)
DA:30,4
DA:31,4
DA:32,4
FN:35,System.Void LevelXML.Building::SetParams(System.Xml.Linq.XElement)
FNDA:4,System.Void LevelXML.Building::SetParams(System.Xml.Linq.XElement)
DA:36,4
DA:37,4
DA:38,4
DA:39,4
DA:40,4
BRDA:38,29,0,0
BRDA:38,29,1,4
BRDA:39,75,0,0
BRDA:39,75,1,4
FN:41,System.Void LevelXML.Building::.ctor(System.String)
FNDA:6,System.Void LevelXML.Building::.ctor(System.String)
DA:42,6
FN:43,System.Void LevelXML.Building::.ctor(System.Xml.Linq.XElement)
FNDA:4,System.Void LevelXML.Building::.ctor(System.Xml.Linq.XElement)
DA:44,4
DA:45,4
DA:46,4
DA:47,4
LF:21
LH:21
BRF:10
BRH:6
FNF:7
FNH:7
end_of_record
SF:/home/ultrako/work/LevelXML/csharp/LevelXML/LevelXML/Specials/BuildingOne.cs
FN:6,System.UInt32 LevelXML.BuildingOne::get_Type()
FNDA:2,System.UInt32 LevelXML.BuildingOne::get_Type()
DA:7,2
FN:10,System.Void LevelXML.BuildingOne::.ctor(System.String)
FNDA:3,System.Void LevelXML.BuildingOne::.ctor(System.String)
DA:11,3
FN:12,System.Void LevelXML.BuildingOne::.ctor(System.Xml.Linq.XElement)
FNDA:3,System.Void LevelXML.BuildingOne::.ctor(System.Xml.Linq.XElement)
DA:13,3
LF:3
LH:3
BRF:0
BRH:0
FNF:3
FNH:3
end_of_record
SF:/home/ultrako/work/LevelXML/csharp/LevelXML/LevelXML/Specials/BuildingTwo.cs
FN:6,System.UInt32 LevelXML.BuildingTwo::get_Type()
FNDA:2,System.UInt32 LevelXML.BuildingTwo::get_Type()
DA:7,2
FN:10,System.Void LevelXML.BuildingTwo::.ctor(System.String)
FNDA:3,System.Void LevelXML.BuildingTwo::.ctor(System.String)
DA:11,3
FN:12,System.Void LevelXML.BuildingTwo::.ctor(System.Xml.Linq.XElement)
FNDA:3,System.Void LevelXML.BuildingTwo::.ctor(System.Xml.Linq.XElement)
DA:13,3
LF:3
LH:3
BRF:0
BRH:0
FNF:3
FNH:3
end_of_record
SF:/home/ultrako/work/LevelXML/csharp/LevelXML/LevelXML/Specials/Cannon.cs
FN:6,System.UInt32 LevelXML.Cannon::get_Type()
FNDA:3,System.UInt32 LevelXML.Cannon::get_Type()
DA:7,3
FN:12,System.Double LevelXML.Cannon::get_Rotation()
FNDA:3,System.Double LevelXML.Cannon::get_Rotation()
DA:13,3
FN:14,System.Void LevelXML.Cannon::set_Rotation(System.Double)
FNDA:4,System.Void LevelXML.Cannon::set_Rotation(System.Double)
DA:15,4
DA:16,4
DA:17,1
DA:18,1
DA:20,3
DA:21,3
BRDA:16,9,0,1
BRDA:16,9,1,3
FN:28,System.Double LevelXML.Cannon::get_StartRotation()
FNDA:3,System.Double LevelXML.Cannon::get_StartRotation()
DA:29,3
FN:29,System.Void LevelXML.Cannon::set_StartRotation(System.Double)
FNDA:9,System.Void LevelXML.Cannon::set_StartRotation(System.Double)
DA:30,9
FN:37,System.Double LevelXML.Cannon::get_FiringRotation()
FNDA:3,System.Double LevelXML.Cannon::get_FiringRotation()
DA:38,3
FN:38,System.Void LevelXML.Cannon::set_FiringRotation(System.Double)
FNDA:9,System.Void LevelXML.Cannon::set_FiringRotation(System.Double)
DA:39,9
FN:46,LevelXML.CannonType LevelXML.Cannon::get_CannonType()
FNDA:3,LevelXML.CannonType LevelXML.Cannon::get_CannonType()
DA:47,3
BRDA:47,20,0,0
BRDA:47,20,1,1
BRDA:47,58,0,0
BRDA:47,58,1,1
FN:47,System.Void LevelXML.Cannon::set_CannonType(LevelXML.CannonType)
FNDA:9,System.Void LevelXML.Cannon::set_CannonType(LevelXML.CannonType)
DA:48,9
FN:55,System.Double LevelXML.Cannon::get_Delay()
FNDA:3,System.Double LevelXML.Cannon::get_Delay()
DA:56,3
BRDA:56,20,0,0
BRDA:56,20,1,1
FN:56,System.Void LevelXML.Cannon::set_Delay(System.Double)
FNDA:9,System.Void LevelXML.Cannon::set_Delay(System.Double)
DA:57,9
FN:64,System.Double LevelXML.Cannon::get_MuzzleScale()
FNDA:3,System.Double LevelXML.Cannon::get_MuzzleScale()
DA:65,3
BRDA:65,20,0,0
BRDA:65,20,1,1
FN:65,System.Void LevelXML.Cannon::set_MuzzleScale(System.Double)
FNDA:9,System.Void LevelXML.Cannon::set_MuzzleScale(System.Double)
DA:66,9
FN:73,System.Double LevelXML.Cannon::get_Power()
FNDA:3,System.Double LevelXML.Cannon::get_Power()
DA:74,3
BRDA:74,20,0,0
BRDA:74,20,1,1
FN:74,System.Void LevelXML.Cannon::set_Power(System.Double)
FNDA:9,System.Void LevelXML.Cannon::set_Power(System.Double)
DA:75,9
FN:78,System.Void LevelXML.Cannon::SetParams(System.Xml.Linq.XElement)
FNDA:3,System.Void LevelXML.Cannon::SetParams(System.Xml.Linq.XElement)
DA:79,3
DA:80,3
DA:81,3
DA:82,3
DA:83,3
DA:84,3
DA:85,3
DA:86,3
DA:87,3
DA:88,3
BRDA:84,107,0,0
BRDA:84,107,1,3
BRDA:85,154,0,0
BRDA:85,154,1,3
BRDA:86,200,0,0
BRDA:86,200,1,3
BRDA:87,246,0,0
BRDA:87,246,1,3
FN:89,System.Void LevelXML.Cannon::.ctor(System.String)
FNDA:6,System.Void LevelXML.Cannon::.ctor(System.String)
DA:90,6
FN:91,System.Void LevelXML.Cannon::.ctor(System.Xml.Linq.XElement)
FNDA:3,System.Void LevelXML.Cannon::.ctor(System.Xml.Linq.XElement)
DA:92,3
DA:93,3
DA:94,3
DA:95,3
LF:35
LH:35
BRF:20
BRH:11
FNF:18
FNH:18
end_of_record
SF:/home/ultrako/work/LevelXML/csharp/LevelXML/LevelXML/Specials/Chain.cs
FN:6,System.UInt32 LevelXML.Chain::get_Type()
FNDA:5,System.UInt32 LevelXML.Chain::get_Type()
DA:7,5
FN:12,System.Double LevelXML.Chain::get_Rotation()
FNDA:3,System.Double LevelXML.Chain::get_Rotation()
DA:13,3
FN:14,System.Void LevelXML.Chain::set_Rotation(System.Double)
FNDA:6,System.Void LevelXML.Chain::set_Rotation(System.Double)
DA:15,6
DA:16,6
DA:17,1
DA:18,1
DA:20,5
DA:21,5
BRDA:16,9,0,1
BRDA:16,9,1,5
FN:25,LevelXML.LevelXMLTag/HWBool LevelXML.Chain::get_Sleeping()
FNDA:3,LevelXML.LevelXMLTag/HWBool LevelXML.Chain::get_Sleeping()
DA:26,3
BRDA:26,20,0,0
BRDA:26,20,1,1
FN:26,System.Void LevelXML.Chain::set_Sleeping(LevelXML.LevelXMLTag/HWBool)
FNDA:15,System.Void LevelXML.Chain::set_Sleeping(LevelXML.LevelXMLTag/HWBool)
DA:27,15
FN:31,LevelXML.LevelXMLTag/HWBool LevelXML.Chain::get_Interactive()
FNDA:3,LevelXML.LevelXMLTag/HWBool LevelXML.Chain::get_Interactive()
DA:32,3
BRDA:32,20,0,0
BRDA:32,20,1,1
FN:32,System.Void LevelXML.Chain::set_Interactive(LevelXML.LevelXMLTag/HWBool)
FNDA:15,System.Void LevelXML.Chain::set_Interactive(LevelXML.LevelXMLTag/HWBool)
DA:33,15
FN:40,System.Double LevelXML.Chain::get_LinkCount()
FNDA:3,System.Double LevelXML.Chain::get_LinkCount()
DA:41,3
BRDA:41,20,0,0
BRDA:41,20,1,1
FN:41,System.Void LevelXML.Chain::set_LinkCount(System.Double)
FNDA:15,System.Void LevelXML.Chain::set_LinkCount(System.Double)
DA:42,15
FN:49,System.Double LevelXML.Chain::get_LinkScale()
FNDA:3,System.Double LevelXML.Chain::get_LinkScale()
DA:50,3
BRDA:50,20,0,0
BRDA:50,20,1,1
FN:51,System.Void LevelXML.Chain::set_LinkScale(System.Double)
FNDA:6,System.Void LevelXML.Chain::set_LinkScale(System.Double)
DA:52,6
DA:53,6
DA:54,1
DA:55,1
DA:57,5
DA:58,5
BRDA:53,9,0,1
BRDA:53,9,1,5
FN:65,System.Double LevelXML.Chain::get_Curve()
FNDA:3,System.Double LevelXML.Chain::get_Curve()
DA:66,3
FN:67,System.Void LevelXML.Chain::set_Curve(System.Double)
FNDA:6,System.Void LevelXML.Chain::set_Curve(System.Double)
DA:68,6
DA:69,6
DA:70,1
DA:71,1
DA:73,5
DA:74,5
BRDA:69,9,0,1
BRDA:69,9,1,5
FN:77,System.Void LevelXML.Chain::SetParams(System.Xml.Linq.XElement)
FNDA:5,System.Void LevelXML.Chain::SetParams(System.Xml.Linq.XElement)
DA:78,5
DA:79,5
DA:80,5
DA:81,5
DA:82,5
DA:83,5
DA:84,5
DA:85,5
DA:86,5
BRDA:81,55,0,0
BRDA:81,55,1,5
BRDA:82,98,0,0
BRDA:82,98,1,5
BRDA:83,141,0,0
BRDA:83,141,1,5
BRDA:84,187,0,0
BRDA:84,187,1,5
FN:87,System.Void LevelXML.Chain::.ctor(System.String)
FNDA:12,System.Void LevelXML.Chain::.ctor(System.String)
DA:88,12
FN:89,System.Void LevelXML.Chain::.ctor(System.Xml.Linq.XElement)
FNDA:5,System.Void LevelXML.Chain::.ctor(System.Xml.Linq.XElement)
DA:90,5
DA:91,5
DA:92,5
DA:93,5
LF:42
LH:42
BRF:22
BRH:14
FNF:16
FNH:16
end_of_record
SF:/home/ultrako/work/LevelXML/csharp/LevelXML/LevelXML/Specials/Chair.cs
FN:6,System.UInt32 LevelXML.Chair::get_Type()
FNDA:3,System.UInt32 LevelXML.Chair::get_Type()
DA:7,3
FN:12,System.Double LevelXML.Chair::get_Rotation()
FNDA:3,System.Double LevelXML.Chair::get_Rotation()
DA:13,3
FN:14,System.Void LevelXML.Chair::set_Rotation(System.Double)
FNDA:4,System.Void LevelXML.Chair::set_Rotation(System.Double)
DA:15,4
DA:16,4
DA:17,1
DA:18,1
DA:20,3
DA:21,3
BRDA:16,9,0,1
BRDA:16,9,1,3
FN:25,LevelXML.LevelXMLTag/HWBool LevelXML.Chair::get_Reverse()
FNDA:3,LevelXML.LevelXMLTag/HWBool LevelXML.Chair::get_Reverse()
DA:26,3
BRDA:26,20,0,0
BRDA:26,20,1,1
FN:26,System.Void LevelXML.Chair::set_Reverse(LevelXML.LevelXMLTag/HWBool)
FNDA:9,System.Void LevelXML.Chair::set_Reverse(LevelXML.LevelXMLTag/HWBool)
DA:27,9
FN:31,LevelXML.LevelXMLTag/HWBool LevelXML.Chair::get_Sleeping()
FNDA:3,LevelXML.LevelXMLTag/HWBool LevelXML.Chair::get_Sleeping()
DA:32,3
BRDA:32,20,0,0
BRDA:32,20,1,1
FN:32,System.Void LevelXML.Chair::set_Sleeping(LevelXML.LevelXMLTag/HWBool)
FNDA:9,System.Void LevelXML.Chair::set_Sleeping(LevelXML.LevelXMLTag/HWBool)
DA:33,9
FN:37,LevelXML.LevelXMLTag/HWBool LevelXML.Chair::get_Interactive()
FNDA:3,LevelXML.LevelXMLTag/HWBool LevelXML.Chair::get_Interactive()
DA:38,3
BRDA:38,20,0,0
BRDA:38,20,1,1
FN:38,System.Void LevelXML.Chair::set_Interactive(LevelXML.LevelXMLTag/HWBool)
FNDA:9,System.Void LevelXML.Chair::set_Interactive(LevelXML.LevelXMLTag/HWBool)
DA:39,9
FN:42,System.Void LevelXML.Chair::SetParams(System.Xml.Linq.XElement)
FNDA:3,System.Void LevelXML.Chair::SetParams(System.Xml.Linq.XElement)
DA:43,3
DA:44,3
DA:45,3
DA:46,3
DA:47,3
DA:48,3
DA:49,3
BRDA:46,55,0,0
BRDA:46,55,1,3
BRDA:47,98,0,0
BRDA:47,98,1,3
BRDA:48,141,0,0
[...]
DA:23,5
DA:24,5
DA:25,5
DA:26,4
DA:27,4
DA:28,4
FN:29,System.Void LevelXML.ChangeOpacity::.ctor(System.String)
FNDA:9,System.Void LevelXML.ChangeOpacity::.ctor(System.String)
DA:30,9
FN:31,System.Void LevelXML.ChangeOpacity::.ctor(System.Xml.Linq.XElement)
FNDA:6,System.Void LevelXML.ChangeOpacity::.ctor(System.Xml.Linq.XElement)
DA:32,6
DA:33,6
DA:34,6
DA:35,6
DA:36,6
DA:37,6
FN:45,System.UInt32 LevelXML.ChangeOpacity`1::get_Type()
FNDA:11,System.UInt32 LevelXML.ChangeOpacity`1::get_Type()
DA:46,11
DA:47,11
DA:48,4
DA:49,3
DA:50,3
DA:51,1
DA:52,11
BRDA:46,31,0,7
BRDA:46,44,0,4
BRDA:46,31,1,4
BRDA:46,44,1,3
BRDA:46,57,1,3
BRDA:46,57,0,1
FN:53,System.Void LevelXML.ChangeOpacity`1::.ctor(System.Double,System.Double)
FNDA:13,System.Void LevelXML.ChangeOpacity`1::.ctor(System.Double,System.Double)
DA:54,13
FN:54,System.Void LevelXML.ChangeOpacity`1::.ctor(System.String)
FNDA:9,System.Void LevelXML.ChangeOpacity`1::.ctor(System.String)
DA:55,9
FN:55,System.Void LevelXML.ChangeOpacity`1::.ctor(System.Xml.Linq.XElement)
FNDA:9,System.Void LevelXML.ChangeOpacity`1::.ctor(System.Xml.Linq.XElement)
DA:56,9
LF:27
LH:27
BRF:10
BRH:8
FNF:11
FNH:11
end_of_record
SF:/home/ultrako/work/LevelXML/csharp/LevelXML/LevelXML/TriggerActions/DeleteSelf.cs
FN:5,System.Void LevelXML.DeleteSelf::.ctor()
FNDA:6,System.Void LevelXML.DeleteSelf::.ctor()
DA:6,6
DA:7,6
DA:8,6
DA:9,5
FN:18,System.UInt32 LevelXML.DeleteSelf`1::get_Type()
FNDA:6,System.UInt32 LevelXML.DeleteSelf`1::get_Type()
DA:19,6
DA:20,6
DA:21,3
DA:22,2
DA:23,1
DA:24,6
BRDA:19,31,0,3
BRDA:19,31,1,3
BRDA:19,44,1,2
BRDA:19,44,0,1
LF:10
LH:10
BRF:4
BRH:4
FNF:2
FNH:2
end_of_record
SF:/home/ultrako/work/LevelXML/csharp/LevelXML/LevelXML/TriggerActions/DeleteShapes.cs
FN:5,System.Void LevelXML.DeleteShapes::.ctor()
FNDA:5,System.Void LevelXML.DeleteShapes::.ctor()
DA:6,5
DA:7,5
DA:8,5
DA:9,4
FN:17,System.UInt32 LevelXML.DeleteShapes`1::get_Type()
FNDA:5,System.UInt32 LevelXML.DeleteShapes`1::get_Type()
DA:18,5
DA:19,5
DA:20,2
DA:21,2
DA:22,1
DA:23,5
BRDA:18,31,0,3
BRDA:18,31,1,2
BRDA:18,44,1,2
BRDA:18,44,0,1
LF:10
LH:10
BRF:4
BRH:4
FNF:2
FNH:2
end_of_record
SF:/home/ultrako/work/LevelXML/csharp/LevelXML/LevelXML/TriggerActions/Fix.cs
FN:5,System.Void LevelXML.Fix::.ctor()
FNDA:5,System.Void LevelXML.Fix::.ctor()
DA:6,5
DA:7,5
DA:8,5
DA:9,4
FN:17,System.UInt32 LevelXML.Fix`1::get_Type()
FNDA:5,System.UInt32 LevelXML.Fix`1::get_Type()
DA:18,5
DA:19,5
DA:20,2
DA:21,2
DA:22,1
DA:23,5
BRDA:18,31,0,3
BRDA:18,31,1,2
BRDA:18,44,1,2
BRDA:18,44,0,1
LF:10
LH:10
BRF:4
BRH:4
FNF:2
FNH:2
end_of_record
SF:/home/ultrako/work/LevelXML/csharp/LevelXML/LevelXML/TriggerActions/Impulse.cs
FN:11,System.Nullable`1<System.Double> LevelXML.Impulse::get_X()
FNDA:24,System.Nullable`1<System.Double> LevelXML.Impulse::get_X()
DA:12,24
FN:12,System.Void LevelXML.Impulse::set_X(System.Nullable`1<System.Double>)
FNDA:39,System.Void LevelXML.Impulse::set_X(System.Nullable`1<System.Double>)
DA:13,39
FN:16,System.Nullable`1<System.Double> LevelXML.Impulse::get_Y()
FNDA:24,System.Nullable`1<System.Double> LevelXML.Impulse::get_Y()
DA:17,24
FN:17,System.Void LevelXML.Impulse::set_Y(System.Nullable`1<System.Double>)
FNDA:39,System.Void LevelXML.Impulse::set_Y(System.Nullable`1<System.Double>)
DA:18,39
FN:21,System.Nullable`1<System.Double> LevelXML.Impulse::get_Spin()
FNDA:24,System.Nullable`1<System.Double> LevelXML.Impulse::get_Spin()
DA:22,24
FN:22,System.Void LevelXML.Impulse::set_Spin(System.Nullable`1<System.Double>)
FNDA:39,System.Void LevelXML.Impulse::set_Spin(System.Nullable`1<System.Double>)
DA:23,39
FN:24,System.Void LevelXML.Impulse::.ctor(System.Double,System.Double,System.Double)
FNDA:4,System.Void LevelXML.Impulse::.ctor(System.Double,System.Double,System.Double)
DA:25,4
DA:26,4
DA:27,4
DA:28,4
DA:29,4
DA:30,4
DA:31,4
FN:31,System.Void LevelXML.Impulse::.ctor(System.String)
FNDA:16,System.Void LevelXML.Impulse::.ctor(System.String)
DA:32,16
FN:32,System.Void LevelXML.Impulse::.ctor(System.Xml.Linq.XElement)
FNDA:10,System.Void LevelXML.Impulse::.ctor(System.Xml.Linq.XElement)
DA:33,10
DA:34,10
DA:35,10
DA:36,9
DA:37,9
DA:38,9
DA:39,9
FN:47,System.UInt32 LevelXML.Impulse`1::get_Type()
FNDA:14,System.UInt32 LevelXML.Impulse`1::get_Type()
DA:48,14
DA:49,14
DA:50,3
DA:51,3
DA:52,0
DA:53,0
DA:54,0
DA:55,0
DA:56,0
DA:57,0
DA:58,1
DA:59,0
DA:60,0
DA:61,0
DA:62,0
DA:63,3
DA:64,0
DA:65,0
DA:66,0
DA:67,0
DA:68,0
DA:69,0
DA:70,3
DA:71,1
DA:72,14
BRDA:48,33,0,13
BRDA:48,44,0,7
BRDA:48,52,0,3
BRDA:48,60,0,3
BRDA:48,52,1,4
BRDA:48,89,0,4
BRDA:48,102,0,4
BRDA:48,44,1,6
BRDA:48,131,0,0
BRDA:48,139,0,0
BRDA:48,131,1,6
BRDA:48,168,0,6
BRDA:48,181,0,3
BRDA:48,33,1,1
BRDA:48,210,0,0
BRDA:48,218,0,0
BRDA:48,226,0,0
BRDA:48,218,1,0
BRDA:48,255,0,0
BRDA:48,268,0,0
BRDA:48,210,1,1
BRDA:48,297,0,0
BRDA:48,305,0,0
BRDA:48,318,0,0
BRDA:48,297,1,1
BRDA:48,344,0,1
BRDA:48,357,0,1
BRDA:48,181,1,3
BRDA:48,73,1,3
BRDA:48,331,1,0
BRDA:48,102,1,0
BRDA:48,305,1,0
BRDA:48,318,1,0
BRDA:48,357,1,0
BRDA:48,226,1,0
BRDA:48,370,1,1
BRDA:48,168,1,0
BRDA:48,60,1,0
BRDA:48,239,1,0
BRDA:48,255,1,0
BRDA:48,115,1,3
BRDA:48,281,1,0
BRDA:48,89,1,0
BRDA:48,268,1,0
BRDA:48,344,1,0
BRDA:48,152,1,0
BRDA:48,139,1,0
BRDA:48,194,1,3
BRDA:48,391,1,3
BRDA:48,412,1,3
BRDA:48,433,1,0
BRDA:48,454,1,0
BRDA:48,475,1,0
BRDA:48,496,1,0
BRDA:48,517,1,0
BRDA:48,538,1,0
BRDA:48,559,1,1
BRDA:48,580,1,0
BRDA:48,601,1,0
BRDA:48,622,1,0
BRDA:48,643,1,0
BRDA:48,664,1,3
BRDA:48,685,1,0
BRDA:48,706,1,0
BRDA:48,727,1,0
BRDA:48,748,1,0
BRDA:48,766,1,0
BRDA:48,781,1,0
BRDA:48,796,1,3
BRDA:48,73,0,1
BRDA:48,115,0,1
BRDA:48,152,0,1
BRDA:48,194,0,1
BRDA:48,239,0,1
BRDA:48,281,0,1
BRDA:48,331,0,1
BRDA:48,370,0,1
BRDA:48,391,0,1
BRDA:48,412,0,1
BRDA:48,433,0,1
BRDA:48,454,0,1
BRDA:48,475,0,1
BRDA:48,496,0,1
BRDA:48,517,0,1
BRDA:48,538,0,1
BRDA:48,559,0,1
BRDA:48,580,0,1
BRDA:48,601,0,1
BRDA:48,622,0,1
BRDA:48,643,0,1
BRDA:48,664,0,1
BRDA:48,685,0,1
BRDA:48,706,0,1
BRDA:48,727,0,1
BRDA:48,748,0,1
BRDA:48,766,0,1
BRDA:48,781,0,1
BRDA:48,796,0,1
FN:73,System.Void LevelXML.Impulse`1::.ctor(System.Double,System.Double,System.Double)
FNDA:12,System.Void LevelXML.Impulse`1::.ctor(System.Double,System.Double,System.Double)
DA:74,12
FN:74,System.Void LevelXML.Impulse`1::.ctor(System.String)
FNDA:16,System.Void LevelXML.Impulse`1::.ctor(System.String)
DA:75,16
FN:75,System.Void LevelXML.Impulse`1::.ctor(System.Xml.Linq.XElement)
FNDA:12,System.Void LevelXML.Impulse`1::.ctor(System.Xml.Linq.XElement)
DA:76,12
LF:49
LH:33
BRF:98
BRH:55
FNF:13
FNH:13
end_of_record
SF:/home/ultrako/work/LevelXML/csharp/LevelXML/LevelXML/TriggerActions/Nonfix.cs
FN:5,System.Void LevelXML.Nonfix::.ctor()
FNDA:5,System.Void LevelXML.Nonfix::.ctor()
DA:6,5
DA:7,5
DA:8,5
DA:9,4
FN:17,System.UInt32 LevelXML.Nonfix`1::get_Type()
FNDA:5,System.UInt32 LevelXML.Nonfix`1::get_Type()
DA:18,5
DA:19,5
DA:20,2
DA:21,2
DA:22,1
DA:23,5
BRDA:18,31,0,3
BRDA:18,31,1,2
BRDA:18,44,1,2
BRDA:18,44,0,1
LF:10
LH:10
BRF:4
BRH:4
FNF:2
FNH:2
end_of_record
SF:/home/ultrako/work/LevelXML/csharp/LevelXML/LevelXML/TriggerActions/SpecialActions.cs
FN:9,System.Void LevelXML.FireHarpoon::.ctor()
FNDA:1,System.Void LevelXML.FireHarpoon::.ctor()
DA:10,1
DA:11,1
DA:12,1
DA:13,1
FN:20,System.Void LevelXML.DeactivateHarpoon::.ctor()
FNDA:1,System.Void LevelXML.DeactivateHarpoon::.ctor()
DA:21,1
DA:22,1
DA:23,1
DA:24,1
FN:31,System.Void LevelXML.ActivateHarpoon::.ctor()
FNDA:1,System.Void LevelXML.ActivateHarpoon::.ctor()
DA:32,1
DA:33,1
DA:34,1
DA:35,1
FN:50,System.Nullable`1<System.Double> LevelXML.Slide::get_Duration()
FNDA:6,System.Nullable`1<System.Double> LevelXML.Slide::get_Duration()
DA:51,6
FN:51,System.Void LevelXML.Slide::set_Duration(System.Nullable`1<System.Double>)
FNDA:9,System.Void LevelXML.Slide::set_Duration(System.Nullable`1<System.Double>)
DA:52,9
BRDA:52,16,0,0
BRDA:52,16,1,3
FN:59,System.Nullable`1<System.Double> LevelXML.Slide::get_X()
FNDA:3,System.Nullable`1<System.Double> LevelXML.Slide::get_X()
DA:60,3
FN:60,System.Void LevelXML.Slide::set_X(System.Nullable`1<System.Double>)
FNDA:9,System.Void LevelXML.Slide::set_X(System.Nullable`1<System.Double>)
DA:61,9
FN:68,System.Nullable`1<System.Double> LevelXML.Slide::get_Y()
FNDA:3,System.Nullable`1<System.Double> LevelXML.Slide::get_Y()
DA:69,3
FN:69,System.Void LevelXML.Slide::set_Y(System.Nullable`1<System.Double>)
FNDA:9,System.Void LevelXML.Slide::set_Y(System.Nullable`1<System.Double>)
DA:70,9
FN:72,System.Void LevelXML.Slide::.ctor(System.Double,System.Double,System.Double)
FNDA:1,System.Void LevelXML.Slide::.ctor(System.Double,System.Double,System.Double)
DA:73,1
DA:74,1
DA:75,1
DA:76,1
DA:77,1
DA:78,1
DA:79,1
FN:79,System.Void LevelXML.Slide::.ctor(System.String)
FNDA:3,System.Void LevelXML.Slide::.ctor(System.String)
DA:80,3
FN:81,System.Void LevelXML.Slide::.ctor(System.Xml.Linq.XElement)
FNDA:2,System.Void LevelXML.Slide::.ctor(System.Xml.Linq.XElement)
DA:82,2
DA:83,2
DA:84,2
DA:85,2
DA:86,2
DA:87,2
DA:88,2
FN:95,System.Void LevelXML.HoldPose::.ctor()
FNDA:1,System.Void LevelXML.HoldPose::.ctor()
DA:96,1
DA:97,1
DA:98,1
DA:99,1
FN:106,System.Void LevelXML.ReleasePose::.ctor()
FNDA:1,System.Void LevelXML.ReleasePose::.ctor()
DA:107,1
DA:108,1
DA:109,1
DA:110,1
FN:117,System.Void LevelXML.Shatter::.ctor()
FNDA:1,System.Void LevelXML.Shatter::.ctor()
DA:118,1
DA:119,1
DA:120,1
DA:121,1
LF:45
LH:45
BRF:2
BRH:1
FNF:15
FNH:15
end_of_record
SF:/home/ultrako/work/LevelXML/csharp/LevelXML/LevelXML/TriggerActions/TriggerActions.cs
FN:9,System.Void LevelXML.Activate::.ctor()
FNDA:2,System.Void LevelXML.Activate::.ctor()
DA:10,2
DA:11,2
DA:12,2
DA:13,2
FN:21,System.Void LevelXML.Disable::.ctor()
FNDA:2,System.Void LevelXML.Disable::.ctor()
DA:22,2
DA:23,2
DA:24,2
DA:25,2
FN:32,System.Void LevelXML.Enable::.ctor()
FNDA:6,System.Void LevelXML.Enable::.ctor()
DA:33,6
DA:34,6
DA:35,6
DA:36,6
LF:12
LH:12
BRF:0
BRH:0
FNF:3
FNH:3
end_of_record
SF:/home/ultrako/work/LevelXML/csharp/LevelXML/LevelXML/Triggers/ActivateTrigger.cs
FN:12,System.UInt32 LevelXML.ActivateTrigger::get_Type()
FNDA:77,System.UInt32 LevelXML.ActivateTrigger::get_Type()
DA:13,77
FN:14,System.Collections.Generic.IReadOnlyList`1<LevelXML.Target> LevelXML.ActivateTrigger::get_Targets()
FNDA:46,System.Collections.Generic.IReadOnlyList`1<LevelXML.Target> LevelXML.ActivateTrigger::get_Targets()
DA:15,46
FN:19,System.Void LevelXML.ActivateTrigger::AddTarget(LevelXML.Target)
FNDA:38,System.Void LevelXML.ActivateTrigger::AddTarget(LevelXML.Target)
DA:20,38
FN:27,System.Void LevelXML.ActivateTrigger::InsertTarget(System.Int32,LevelXML.Target)
FNDA:14,System.Void LevelXML.ActivateTrigger::InsertTarget(System.Int32,LevelXML.Target)
DA:28,14
DA:29,14
DA:30,6
DA:31,14
DA:32,14
DA:33,3
DA:34,14
DA:35,3
DA:36,3
DA:37,2
DA:38,2
DA:39,11
DA:40,11
DA:41,11
DA:42,13
BRDA:32,49,0,3
BRDA:34,102,1,3
BRDA:34,102,0,2
BRDA:32,49,1,11
FN:42,System.Boolean LevelXML.ActivateTrigger::RemoveTarget(LevelXML.Target)
FNDA:3,System.Boolean LevelXML.ActivateTrigger::RemoveTarget(LevelXML.Target)
DA:43,3
FN:43,System.Void LevelXML.ActivateTrigger::RemoveTargetAt(System.Int32)
FNDA:3,System.Void LevelXML.ActivateTrigger::RemoveTargetAt(System.Int32)
DA:44,3
FN:44,System.Void LevelXML.ActivateTrigger::ClearTargets()
FNDA:3,System.Void LevelXML.ActivateTrigger::ClearTargets()
DA:45,3
FN:45,System.Boolean LevelXML.ActivateTrigger::ContainsTarget(LevelXML.Target)
FNDA:3,System.Boolean LevelXML.ActivateTrigger::ContainsTarget(LevelXML.Target)
DA:46,3
FN:46,System.Int32 LevelXML.ActivateTrigger::IndexOfTarget(LevelXML.Target)
FNDA:3,System.Int32 LevelXML.ActivateTrigger::IndexOfTarget(LevelXML.Target)
DA:47,3
FN:47,System.Int32 LevelXML.ActivateTrigger::get_TargetCount()
FNDA:1,System.Int32 LevelXML.ActivateTrigger::get_TargetCount()
DA:48,1
FN:50,System.Void LevelXML.ActivateTrigger::PlaceInLevel(System.Func`2<LevelXML.Entity,System.Int32>)
FNDA:10,System.Void LevelXML.ActivateTrigger::PlaceInLevel(System.Func`2<LevelXML.Entity,System.Int32>)
DA:51,10
DA:52,10
DA:53,40
DA:54,6
DA:55,6
DA:56,4
DA:57,4
DA:58,8
BRDA:53,71,1,6
BRDA:53,71,0,8
FN:60,System.Void LevelXML.ActivateTrigger::SetParams(System.Xml.Linq.XElement)
FNDA:77,System.Void LevelXML.ActivateTrigger::SetParams(System.Xml.Linq.XElement)
DA:61,77
DA:62,77
DA:63,77
DA:64,77
BRDA:63,29,0,1
BRDA:63,29,1,76
FN:75,System.Void LevelXML.ActivateTrigger::FinishConstruction()
FNDA:46,System.Void LevelXML.ActivateTrigger::FinishConstruction()
DA:76,46
DA:77,90
DA:78,45
FN:64,System.Void LevelXML.ActivateTrigger::.ctor(LevelXML.Target[])
FNDA:42,System.Void LevelXML.ActivateTrigger::.ctor(LevelXML.Target[])
DA:65,42
FN:68,System.Void LevelXML.ActivateTrigger::.ctor(System.String,System.Func`2<System.Xml.Linq.XElement,LevelXML.Entity>,LevelXML.Target[])
FNDA:54,System.Void LevelXML.ActivateTrigger::.ctor(System.String,System.Func`2<System.Xml.Linq.XElement,LevelXML.Entity>,LevelXML.Target[])
DA:69,54
FN:69,System.Void LevelXML.ActivateTrigger::.ctor(System.Xml.Linq.XElement,System.Func`2<System.Xml.Linq.XElement,LevelXML.Entity>,LevelXML.Target[])
FNDA:77,System.Void LevelXML.ActivateTrigger::.ctor(System.Xml.Linq.XElement,System.Func`2<System.Xml.Linq.XElement,LevelXML.Entity>,LevelXML.Target[])
DA:70,77
DA:71,77
DA:73,134
DA:74,64
LF:45
LH:45
BRF:8
BRH:8
FNF:16
FNH:16
end_of_record
SF:/home/ultrako/work/LevelXML/csharp/LevelXML/LevelXML/Triggers/SoundTrigger.cs
FN:11,System.UInt32 LevelXML.SoundTrigger::get_Type()
FNDA:4,System.UInt32 LevelXML.SoundTrigger::get_Type()
DA:12,4
FN:20,System.Double LevelXML.SoundTrigger::get_Sound()
FNDA:3,System.Double LevelXML.SoundTrigger::get_Sound()
DA:21,3
FN:22,System.Void LevelXML.SoundTrigger::set_Sound(System.Double)
FNDA:5,System.Void LevelXML.SoundTrigger::set_Sound(System.Double)
DA:23,5
DA:24,5
DA:25,1
DA:26,1
DA:28,4
DA:29,4
BRDA:24,11,0,5
BRDA:24,11,1,0
BRDA:24,30,0,1
BRDA:24,30,1,4
FN:37,LevelXML.LevelXMLTag/HWBool LevelXML.SoundTrigger::get_IsLocal()
FNDA:1,LevelXML.LevelXMLTag/HWBool LevelXML.SoundTrigger::get_IsLocal()
DA:38,1
DA:39,1
DA:40,1
DA:41,1
BRDA:39,20,0,0
BRDA:39,20,1,1
FN:42,System.Void LevelXML.SoundTrigger::set_IsLocal(LevelXML.LevelXMLTag/HWBool)
FNDA:5,System.Void LevelXML.SoundTrigger::set_IsLocal(LevelXML.LevelXMLTag/HWBool)
DA:43,5
DA:44,5
DA:45,1
DA:46,1
DA:47,1
DA:49,4
DA:50,4
DA:51,4
DA:52,5
BRDA:44,14,0,1
BRDA:44,14,1,4
FN:60,System.Double LevelXML.SoundTrigger::get_Panning()
FNDA:3,System.Double LevelXML.SoundTrigger::get_Panning()
DA:61,3
FN:62,System.Void LevelXML.SoundTrigger::set_Panning(System.Double)
FNDA:4,System.Void LevelXML.SoundTrigger::set_Panning(System.Double)
DA:63,4
DA:64,4
DA:65,4
FN:72,System.Double LevelXML.SoundTrigger::get_Volume()
FNDA:3,System.Double LevelXML.SoundTrigger::get_Volume()
DA:73,3
BRDA:73,20,0,0
BRDA:73,20,1,1
FN:74,System.Void LevelXML.SoundTrigger::set_Volume(System.Double)
FNDA:4,System.Void LevelXML.SoundTrigger::set_Volume(System.Double)
DA:75,4
DA:76,4
DA:77,4
FN:80,System.Void LevelXML.SoundTrigger::SetParams(System.Xml.Linq.XElement)
FNDA:4,System.Void LevelXML.SoundTrigger::SetParams(System.Xml.Linq.XElement)
DA:81,4
DA:82,4
DA:83,4
DA:84,4
DA:85,4
DA:86,4
DA:87,4
DA:88,4
BRDA:84,55,0,0
BRDA:84,55,1,4
BRDA:85,101,0,0
BRDA:85,101,1,4
BRDA:87,189,0,0
BRDA:87,189,1,4
FN:89,System.String LevelXML.SoundTrigger::ToXML()
FNDA:6,System.String LevelXML.SoundTrigger::ToXML()
DA:90,6
FN:91,System.Void LevelXML.SoundTrigger::.ctor(System.Xml.Linq.XElement)
FNDA:12,System.Void LevelXML.SoundTrigger::.ctor(System.Xml.Linq.XElement)
DA:92,12
FN:93,System.Void LevelXML.SoundTrigger::.ctor(System.String)
FNDA:9,System.Void LevelXML.SoundTrigger::.ctor(System.String)
DA:94,9
LF:40
LH:40
BRF:16
BRH:10
FNF:13
FNH:13
end_of_record
SF:/home/ultrako/work/LevelXML/csharp/LevelXML/LevelXML/Triggers/VictoryTrigger.cs
FN:8,System.UInt32 LevelXML.VictoryTrigger::get_Type()
FNDA:2,System.UInt32 LevelXML.VictoryTrigger::get_Type()
DA:9,2
FN:10,System.String LevelXML.VictoryTrigger::ToXML()
FNDA:3,System.String LevelXML.VictoryTrigger::ToXML()
DA:11,3
FN:12,System.Void LevelXML.VictoryTrigger::.ctor(System.Xml.Linq.XElement)
FNDA:6,System.Void LevelXML.VictoryTrigger::.ctor(System.Xml.Linq.XElement)
DA:13,6
FN:14,System.Void LevelXML.VictoryTrigger::.ctor(System.String)
FNDA:3,System.Void LevelXML.VictoryTrigger::.ctor(System.String)
DA:15,3
LF:4
LH:4
BRF:0
BRH:0
FNF:4
FNH:4
end_of_record
SF:/home/ultrako/work/LevelXML/csharp/LevelXML/LevelXML/Vehicle.cs
FN:14,LevelXML.VehicleAction LevelXML.Vehicle::get_SpacebarAction()
FNDA:3,LevelXML.VehicleAction LevelXML.Vehicle::get_SpacebarAction()
DA:15,3
BRDA:15,20,0,0
BRDA:15,20,1,1
BRDA:15,58,0,0
BRDA:15,58,1,1
FN:15,System.Void LevelXML.Vehicle::set_SpacebarAction(LevelXML.VehicleAction)
FNDA:6,System.Void LevelXML.Vehicle::set_SpacebarAction(LevelXML.VehicleAction)
DA:16,6
FN:23,LevelXML.VehicleAction LevelXML.Vehicle::get_ShiftAction()
FNDA:3,LevelXML.VehicleAction LevelXML.Vehicle::get_ShiftAction()
DA:24,3
BRDA:24,20,0,0
BRDA:24,20,1,1
BRDA:24,58,0,0
BRDA:24,58,1,1
FN:24,System.Void LevelXML.Vehicle::set_ShiftAction(LevelXML.VehicleAction)
FNDA:6,System.Void LevelXML.Vehicle::set_ShiftAction(LevelXML.VehicleAction)
DA:25,6
FN:32,LevelXML.VehicleAction LevelXML.Vehicle::get_ControlAction()
FNDA:3,LevelXML.VehicleAction LevelXML.Vehicle::get_ControlAction()
DA:33,3
BRDA:33,20,0,0
BRDA:33,20,1,1
BRDA:33,58,0,0
BRDA:33,58,1,1
FN:33,System.Void LevelXML.Vehicle::set_ControlAction(LevelXML.VehicleAction)
FNDA:6,System.Void LevelXML.Vehicle::set_ControlAction(LevelXML.VehicleAction)
DA:34,6
FN:41,System.Double LevelXML.Vehicle::get_Acceleration()
FNDA:3,System.Double LevelXML.Vehicle::get_Acceleration()
DA:42,3
BRDA:42,20,0,0
BRDA:42,20,1,1
FN:43,System.Void LevelXML.Vehicle::set_Acceleration(System.Double)
FNDA:2,System.Void LevelXML.Vehicle::set_Acceleration(System.Double)
DA:44,2
DA:45,2
DA:46,2
FN:53,System.Double LevelXML.Vehicle::get_LeaningStrength()
FNDA:3,System.Double LevelXML.Vehicle::get_LeaningStrength()
DA:54,3
BRDA:54,20,0,0
BRDA:54,20,1,1
FN:55,System.Void LevelXML.Vehicle::set_LeaningStrength(System.Double)
FNDA:2,System.Void LevelXML.Vehicle::set_LeaningStrength(System.Double)
DA:56,2
DA:57,2
DA:58,2
FN:65,LevelXML.GrabbingPose LevelXML.Vehicle::get_GrabbingPose()
FNDA:3,LevelXML.GrabbingPose LevelXML.Vehicle::get_GrabbingPose()
DA:66,3
BRDA:66,20,0,0
BRDA:66,20,1,1
BRDA:66,58,0,0
BRDA:66,58,1,1
FN:66,System.Void LevelXML.Vehicle::set_GrabbingPose(LevelXML.GrabbingPose)
FNDA:6,System.Void LevelXML.Vehicle::set_GrabbingPose(LevelXML.GrabbingPose)
DA:67,6
FN:75,LevelXML.LevelXMLTag/HWBool LevelXML.Vehicle::get_LockJoints()
FNDA:3,LevelXML.LevelXMLTag/HWBool LevelXML.Vehicle::get_LockJoints()
DA:76,3
BRDA:76,20,0,0
BRDA:76,20,1,1
FN:76,System.Void LevelXML.Vehicle::set_LockJoints(LevelXML.LevelXMLTag/HWBool)
FNDA:6,System.Void LevelXML.Vehicle::set_LockJoints(LevelXML.LevelXMLTag/HWBool)
DA:77,6
FN:80,System.Void LevelXML.Vehicle::setParams(System.Xml.Linq.XElement)
FNDA:2,System.Void LevelXML.Vehicle::setParams(System.Xml.Linq.XElement)
DA:81,2
DA:82,2
DA:83,2
DA:84,2
DA:85,2
DA:86,2
DA:87,2
DA:88,2
DA:89,2
DA:90,2
DA:91,2
BRDA:84,56,0,0
BRDA:84,56,1,2
BRDA:84,94,0,0
BRDA:84,94,1,2
BRDA:85,145,0,0
BRDA:85,145,1,2
BRDA:85,183,0,0
BRDA:85,183,1,2
BRDA:86,234,0,0
BRDA:86,234,1,2
BRDA:86,272,0,0
BRDA:86,272,1,2
BRDA:87,323,0,0
BRDA:87,323,1,2
BRDA:88,369,0,0
BRDA:88,369,1,2
BRDA:89,415,0,0
BRDA:89,415,1,2
BRDA:89,454,0,0
BRDA:89,454,1,2
BRDA:90,506,0,0
BRDA:90,506,1,2
FN:92,System.Void LevelXML.Vehicle::.ctor(LevelXML.Entity[])
FNDA:3,System.Void LevelXML.Vehicle::.ctor(LevelXML.Entity[])
DA:93,3
FN:94,System.Void LevelXML.Vehicle::.ctor(System.String,LevelXML.Entity[])
FNDA:3,System.Void LevelXML.Vehicle::.ctor(System.String,LevelXML.Entity[])
DA:95,3
FN:96,System.Void LevelXML.Vehicle::.ctor(System.Xml.Linq.XElement,System.Func`2<LevelXML.Entity,System.Int32>,LevelXML.Entity[])
FNDA:6,System.Void LevelXML.Vehicle::.ctor(System.Xml.Linq.XElement,System.Func`2<LevelXML.Entity,System.Int32>,LevelXML.Entity[])
DA:97,6
LF:32
LH:32
BRF:44
BRH:22
FNF:18
FNH:18
end_of_record